TN:
SF:src/App.tsx
FN:1,(empty-report)
FNF:1
FNH:0
FNDA:0,(empty-report)
DA:1,0
DA:2,0
DA:3,0
DA:4,0
DA:5,0
DA:6,0
DA:7,0
DA:8,0
DA:10,0
DA:12,0
DA:13,0
DA:14,0
DA:15,0
DA:16,0
DA:17,0
DA:18,0
DA:19,0
DA:21,0
DA:28,0
LF:19
LH:0
BRDA:1,0,0,0
BRF:1
BRH:0
end_of_record
TN:
SF:src/api/radarApi.ts
FN:10,fetchWithErrorHandling
FN:28,addShip
FN:29,typeToString
FN:71,resetSimulation
FN:85,fetchRadarState
FNF:5
FNH:5
FNDA:21,fetchWithErrorHandling
FNDA:9,addShip
FNDA:9,typeToString
FNDA:3,resetSimulation
FNDA:9,fetchRadarState
DA:4,1
DA:9,1
DA:10,21
DA:11,21
DA:12,21
DA:14,21
DA:15,21
DA:16,21
DA:17,3
DA:18,3
DA:19,3
DA:20,21
DA:22,1
DA:27,1
DA:28,1
DA:29,9
DA:30,9
DA:31,9
DA:32,3
DA:33,9
DA:34,3
DA:35,9
DA:36,1
DA:37,9
DA:38,2
DA:39,9
DA:40,0
DA:41,9
DA:42,9
DA:44,9
DA:45,9
DA:46,9
DA:47,9
DA:48,9
DA:49,9
DA:50,9
DA:51,9
DA:52,9
DA:53,9
DA:54,9
DA:55,9
DA:56,9
DA:57,9
DA:58,9
DA:59,9
DA:60,9
DA:63,9
DA:64,9
DA:66,1
DA:70,1
DA:71,1
DA:72,3
DA:73,3
DA:74,3
DA:77,3
DA:78,3
DA:80,1
DA:84,1
DA:85,1
DA:86,9
DA:88,9
DA:89,1
DA:90,1
DA:92,8
DA:93,8
DA:95,9
DA:96,5
DA:97,5
DA:99,2
DA:100,9
DA:101,1
DA:102,1
DA:103,1
DA:104,9
LF:74
LH:73
BRDA:10,0,0,21
BRDA:16,1,0,3
BRDA:28,2,0,9
BRDA:58,3,0,2
BRDA:58,4,0,7
BRDA:63,5,0,8
BRDA:63,6,0,1
BRDA:29,7,0,9
BRDA:31,8,0,3
BRDA:33,9,0,3
BRDA:35,10,0,1
BRDA:37,11,0,2
BRDA:39,12,0,0
BRDA:71,13,0,3
BRDA:77,14,0,2
BRDA:77,15,0,1
BRDA:85,16,0,9
BRDA:88,17,0,1
BRDA:90,18,0,8
BRDA:93,19,0,7
BRDA:95,20,0,6
BRDA:95,21,0,4
BRDA:95,22,0,3
BRDA:95,23,0,5
BRDA:97,24,0,2
BRDA:100,25,0,1
BRF:26
BRH:25
end_of_record
TN:
SF:src/api/__tests__/radarApi.test.ts
FN:34,json
FN:83,json
FN:114,json
FN:141,json
FN:250,json
FN:302,json
FN:318,json
FN:339,json
FN:360,json
FN:377,json
FN:396,json
FN:409,json
FN:431,json
FNF:13
FNH:8
FNDA:0,json
FNDA:0,json
FNDA:0,json
FNDA:0,json
FNDA:0,json
FNDA:1,json
FNDA:1,json
FNDA:1,json
FNDA:1,json
FNDA:1,json
FNDA:1,json
FNDA:1,json
FNDA:1,json
DA:1,1
DA:2,1
DA:5,1
DA:6,1
DA:7,1
DA:9,1
DA:10,21
DA:11,21
DA:12,21
DA:14,1
DA:15,21
DA:16,21
DA:18,1
DA:19,1
DA:20,1
DA:21,1
DA:22,1
DA:23,1
DA:24,1
DA:25,1
DA:26,1
DA:27,1
DA:28,1
DA:29,1
DA:30,1
DA:32,1
DA:33,1
DA:34,1
DA:35,1
DA:37,1
DA:39,1
DA:40,1
DA:41,1
DA:42,1
DA:43,1
DA:44,1
DA:45,1
DA:46,1
DA:47,1
DA:50,1
DA:51,1
DA:52,1
DA:54,1
DA:55,1
DA:56,1
DA:57,1
DA:59,1
DA:60,1
DA:61,1
DA:62,1
DA:63,1
DA:65,1
DA:66,1
DA:67,1
DA:69,1
DA:70,1
DA:71,1
DA:72,1
DA:73,1
DA:74,1
DA:75,1
DA:76,1
DA:77,1
DA:78,1
DA:79,1
DA:81,1
DA:82,1
DA:83,1
DA:84,1
DA:86,1
DA:88,1
DA:90,1
DA:91,1
DA:93,1
DA:94,1
DA:96,1
DA:97,1
DA:98,1
DA:99,1
DA:101,1
DA:102,1
DA:103,1
DA:104,1
DA:105,1
DA:106,1
DA:107,1
DA:108,1
DA:109,1
DA:110,1
DA:112,1
DA:113,1
DA:114,1
DA:115,1
DA:117,1
DA:119,1
DA:121,1
DA:122,1
DA:124,1
DA:125,1
DA:126,1
DA:128,1
DA:129,1
DA:130,1
DA:131,1
DA:132,1
DA:133,1
DA:134,1
DA:135,1
DA:136,1
DA:137,1
DA:139,1
DA:140,1
DA:141,1
DA:142,1
DA:144,1
DA:146,1
DA:148,1
DA:149,1
DA:151,1
DA:152,1
DA:154,1
DA:155,1
DA:156,1
DA:157,1
DA:159,1
DA:160,1
DA:161,1
DA:162,1
DA:163,1
DA:164,1
DA:165,1
DA:166,1
DA:168,1
DA:169,1
DA:170,1
DA:171,1
DA:173,1
DA:175,1
DA:176,1
DA:178,1
DA:179,1
DA:180,1
DA:181,1
DA:182,1
DA:183,1
DA:184,1
DA:185,1
DA:187,1
DA:189,1
DA:191,1
DA:192,1
DA:194,1
DA:195,1
DA:196,1
DA:197,1
DA:198,1
DA:199,1
DA:200,1
DA:202,1
DA:204,1
DA:206,1
DA:207,1
DA:208,1
DA:209,1
DA:211,1
DA:212,1
DA:213,1
DA:214,1
DA:215,1
DA:216,1
DA:217,1
DA:219,1
DA:221,1
DA:223,1
DA:224,1
DA:225,1
DA:226,1
DA:227,1
DA:229,1
DA:230,1
DA:231,1
DA:232,1
DA:233,1
DA:234,1
DA:235,1
DA:237,1
DA:239,1
DA:241,1
DA:242,1
DA:243,1
DA:244,1
DA:246,1
DA:247,1
DA:248,1
DA:249,1
DA:250,1
DA:251,1
DA:253,1
DA:255,1
DA:256,1
DA:257,1
DA:258,1
DA:259,1
DA:260,1
DA:262,1
DA:264,1
DA:265,1
DA:266,1
DA:267,1
DA:268,1
DA:270,1
DA:272,1
DA:273,1
DA:275,1
DA:276,1
DA:278,1
DA:280,1
DA:281,1
DA:282,1
DA:284,1
DA:285,1
DA:286,1
DA:287,1
DA:288,1
DA:289,1
DA:290,1
DA:292,1
DA:293,1
DA:294,1
DA:295,1
DA:296,1
DA:297,1
DA:298,1
DA:300,1
DA:301,1
DA:302,1
DA:303,1
DA:305,1
DA:307,1
DA:308,1
DA:309,1
DA:311,1
DA:312,1
DA:313,1
DA:314,1
DA:316,1
DA:317,1
DA:318,1
DA:319,1
DA:321,1
DA:323,1
DA:324,1
DA:326,1
DA:327,1
DA:328,1
DA:329,1
DA:330,1
DA:331,1
DA:332,1
DA:333,1
DA:334,1
DA:335,1
DA:337,1
DA:338,1
DA:339,1
DA:340,1
DA:342,1
DA:344,1
DA:345,1
DA:347,1
DA:348,1
DA:349,1
DA:350,1
DA:351,1
DA:352,1
DA:353,1
DA:354,1
DA:355,1
DA:356,1
DA:358,1
DA:359,1
DA:360,1
DA:361,1
DA:363,1
DA:365,1
DA:366,1
DA:368,1
DA:369,1
DA:370,1
DA:371,1
DA:372,1
DA:373,1
DA:375,1
DA:376,1
DA:377,1
DA:378,1
DA:380,1
DA:382,1
DA:383,1
DA:385,1
DA:386,1
DA:388,1
DA:390,1
DA:391,1
DA:393,1
DA:394,1
DA:395,1
DA:396,1
DA:397,1
DA:398,1
DA:399,1
DA:401,1
DA:403,1
DA:404,1
DA:406,1
DA:407,1
DA:408,1
DA:409,1
DA:410,1
DA:412,1
DA:414,1
DA:415,1
DA:417,1
DA:418,1
DA:419,1
DA:420,1
DA:421,1
DA:422,1
DA:424,1
DA:425,1
DA:426,1
DA:427,1
DA:429,1
DA:430,1
DA:431,1
DA:432,1
DA:434,1
DA:436,1
DA:437,1
DA:438,1
DA:439,1
DA:440,1
DA:441,1
DA:442,1
LF:344
LH:344
BRDA:5,0,0,1
BRDA:9,1,0,21
BRDA:14,2,0,21
BRDA:18,3,0,1
BRDA:19,4,0,1
BRDA:69,5,0,1
BRDA:101,6,0,1
BRDA:128,7,0,1
BRDA:159,8,0,1
BRDA:178,9,0,1
BRDA:194,10,0,1
BRDA:211,11,0,1
BRDA:229,12,0,1
BRDA:246,13,0,1
BRDA:247,14,0,1
BRDA:264,15,0,1
BRDA:275,16,0,1
BRDA:284,17,0,1
BRDA:285,18,0,1
BRDA:302,19,0,1
BRDA:311,20,0,1
BRDA:318,21,0,1
BRDA:326,22,0,1
BRDA:339,23,0,1
BRDA:347,24,0,1
BRDA:360,25,0,1
BRDA:368,26,0,1
BRDA:377,27,0,1
BRDA:385,28,0,1
BRDA:393,29,0,1
BRDA:396,30,0,1
BRDA:406,31,0,1
BRDA:409,32,0,1
BRDA:417,33,0,1
BRDA:431,34,0,1
BRF:35
BRH:35
end_of_record
TN:
SF:src/components/AddShipModal.tsx
FN:24,AddShipModal
FN:48,handleAddShip
FN:117,onClick
FNF:3
FNH:3
FNDA:37,AddShipModal
FNDA:7,handleAddShip
FNDA:3,onClick
DA:1,1
DA:24,1
DA:25,37
DA:26,37
DA:27,37
DA:28,37
DA:29,37
DA:30,37
DA:31,37
DA:32,37
DA:33,37
DA:34,37
DA:35,37
DA:36,37
DA:37,37
DA:38,37
DA:39,37
DA:40,37
DA:41,37
DA:42,37
DA:43,37
DA:44,37
DA:45,37
DA:46,37
DA:48,37
DA:49,7
DA:50,1
DA:51,1
DA:53,6
DA:55,6
DA:56,6
DA:57,5
DA:58,7
DA:59,1
DA:60,7
DA:61,6
DA:62,6
DA:63,7
DA:65,37
DA:66,37
DA:67,37
DA:68,37
DA:69,37
DA:70,37
DA:73,37
DA:78,37
DA:80,37
DA:81,37
DA:82,37
DA:83,37
DA:87,37
DA:88,37
DA:89,37
DA:90,37
DA:91,37
DA:92,37
DA:93,37
DA:94,37
DA:98,37
DA:99,37
DA:100,37
DA:101,37
DA:102,37
DA:103,37
DA:104,37
DA:105,37
DA:106,37
DA:107,37
DA:108,37
DA:109,37
DA:113,37
DA:114,37
DA:115,37
DA:116,37
DA:117,37
DA:118,37
DA:119,37
DA:120,37
DA:123,37
DA:124,37
DA:125,37
DA:126,37
DA:127,37
DA:129,37
DA:135,37
LF:85
LH:85
BRDA:24,0,0,37
BRDA:129,1,0,4
BRDA:129,2,0,33
BRDA:48,3,0,7
BRDA:49,4,0,1
BRDA:51,5,0,6
BRDA:56,6,0,5
BRDA:58,7,0,1
BRDA:60,8,0,6
BRDA:117,9,0,3
BRF:10
BRH:10
end_of_record
TN:
SF:src/components/RadarControls.tsx
FN:17,RadarControls
FN:33,handleRangeChange
FN:70,onClick
FN:106,onClick
FNF:4
FNH:3
FNDA:40,RadarControls
FNDA:0,handleRangeChange
FNDA:2,onClick
FNDA:2,onClick
DA:1,1
DA:17,1
DA:18,40
DA:19,40
DA:20,40
DA:21,40
DA:22,40
DA:23,40
DA:24,40
DA:25,40
DA:26,40
DA:27,40
DA:28,40
DA:30,40
DA:31,40
DA:33,40
DA:34,0
DA:35,0
DA:36,0
DA:37,0
DA:39,40
DA:41,40
DA:42,40
DA:43,40
DA:44,40
DA:45,40
DA:46,40
DA:47,40
DA:48,40
DA:49,40
DA:51,40
DA:54,40
DA:55,40
DA:56,40
DA:57,40
DA:58,40
DA:59,40
DA:60,8
DA:63,40
DA:64,40
DA:65,8
DA:69,40
DA:70,40
DA:71,40
DA:72,40
DA:73,40
DA:75,40
DA:79,40
DA:80,40
DA:81,40
DA:82,40
DA:83,40
DA:85,40
DA:91,40
DA:92,40
DA:93,40
DA:94,40
DA:95,40
DA:96,40
DA:97,40
DA:98,40
DA:99,40
DA:100,40
DA:101,40
DA:102,40
DA:103,40
DA:104,160
DA:106,40
DA:107,2
DA:108,2
DA:109,2
DA:111,40
DA:116,40
DA:117,40
DA:118,40
DA:119,40
DA:120,40
DA:121,40
DA:122,40
DA:127,40
DA:128,40
DA:129,40
DA:133,40
LF:83
LH:79
BRDA:17,0,0,40
BRDA:59,1,0,32
BRDA:59,2,0,8
BRDA:60,3,0,3
BRDA:60,4,0,5
BRDA:64,5,0,32
BRDA:64,6,0,8
BRDA:65,7,0,3
BRDA:65,8,0,5
BRDA:70,9,0,2
BRDA:99,10,0,40
BRDA:99,11,0,160
BRDA:102,12,0,40
BRDA:103,13,0,160
BRDA:106,14,0,2
BRF:15
BRH:15
end_of_record
TN:
SF:src/components/RadarDisplay.tsx
FN:13,RadarDisplay
FN:19,drawRadar
FN:50,drawRadarBackground
FN:101,drawTracks
FN:142,drawVelocityVector
FN:185,drawSweepLine
FN:217,resizeCanvas
FN:242,handleCanvasClick
FN:268,handleCanvasHover
FNF:9
FNH:9
FNDA:34,RadarDisplay
FNDA:57,drawRadar
FNDA:55,drawRadarBackground
FNDA:55,drawTracks
FNDA:101,drawVelocityVector
FNDA:53,drawSweepLine
FNDA:25,resizeCanvas
FNDA:5,handleCanvasClick
FNDA:2,handleCanvasHover
DA:1,1
DA:13,1
DA:14,34
DA:15,34
DA:16,34
DA:17,34
DA:19,34
DA:20,57
DA:21,57
DA:23,57
DA:24,57
DA:26,55
DA:27,55
DA:28,55
DA:29,55
DA:30,55
DA:32,55
DA:33,55
DA:35,55
DA:36,55
DA:38,55
DA:39,55
DA:41,55
DA:42,55
DA:44,55
DA:45,57
DA:46,53
DA:47,53
DA:48,57
DA:50,34
DA:51,55
DA:52,55
DA:53,55
DA:54,55
DA:56,55
DA:57,55
DA:58,55
DA:60,55
DA:61,55
DA:62,216
DA:64,216
DA:65,216
DA:66,216
DA:68,216
DA:69,216
DA:70,216
DA:71,216
DA:72,216
DA:73,216
DA:74,216
DA:76,55
DA:77,55
DA:78,636
DA:80,636
DA:81,636
DA:82,636
DA:83,636
DA:84,636
DA:86,636
DA:88,636
DA:89,636
DA:90,636
DA:91,636
DA:92,636
DA:93,636
DA:94,636
DA:95,636
DA:96,636
DA:98,636
DA:99,55
DA:101,34
DA:102,55
DA:103,55
DA:104,55
DA:105,55
DA:107,55
DA:108,103
DA:109,103
DA:110,103
DA:111,103
DA:112,103
DA:113,103
DA:114,103
DA:117,103
DA:118,103
DA:119,103
DA:120,103
DA:121,103
DA:123,103
DA:124,103
DA:125,103
DA:126,103
DA:127,103
DA:129,103
DA:130,103
DA:131,101
DA:133,101
DA:134,101
DA:135,101
DA:136,101
DA:137,101
DA:138,101
DA:139,103
DA:140,55
DA:142,34
DA:143,101
DA:144,101
DA:145,101
DA:146,101
DA:147,101
DA:149,101
DA:150,101
DA:152,101
DA:153,101
DA:154,101
DA:155,101
DA:157,101
DA:158,101
DA:159,101
DA:160,101
DA:161,101
DA:162,101
DA:163,101
DA:165,101
DA:166,101
DA:167,101
DA:168,101
DA:170,101
DA:171,101
DA:172,101
DA:173,101
DA:174,101
DA:176,101
DA:177,101
DA:178,101
DA:180,101
DA:181,101
DA:182,101
DA:183,101
DA:185,34
DA:186,53
DA:187,53
DA:188,53
DA:189,53
DA:191,53
DA:192,53
DA:193,53
DA:194,53
DA:195,53
DA:196,53
DA:198,53
DA:199,53
DA:200,53
DA:202,53
DA:203,53
DA:204,53
DA:205,53
DA:206,53
DA:207,53
DA:208,53
DA:209,53
DA:211,53
DA:212,53
DA:213,53
DA:215,34
DA:216,25
DA:217,25
DA:218,25
DA:219,25
DA:220,25
DA:221,25
DA:222,25
DA:223,25
DA:224,25
DA:225,25
DA:226,25
DA:227,25
DA:228,25
DA:230,25
DA:231,25
DA:233,25
DA:234,25
DA:235,25
DA:236,34
DA:238,34
DA:239,32
DA:240,34
DA:242,34
DA:243,5
DA:244,5
DA:246,5
DA:247,5
DA:248,5
DA:250,5
DA:251,5
DA:252,5
DA:254,5
DA:255,5
DA:256,5
DA:257,5
DA:258,5
DA:259,5
DA:260,5
DA:261,5
DA:262,5
DA:265,5
DA:266,5
DA:268,34
DA:269,2
DA:270,2
DA:272,2
DA:273,2
DA:274,2
DA:276,2
DA:277,2
DA:279,34
DA:280,34
DA:281,34
DA:282,34
DA:283,34
DA:284,34
DA:285,34
DA:287,34
DA:288,34
DA:289,34
DA:290,34
DA:291,34
DA:292,34
DA:293,34
DA:294,34
DA:296,34
DA:301,34
LF:232
LH:232
BRDA:13,0,0,34
BRDA:19,1,0,57
BRDA:21,2,0,0
BRDA:24,3,0,2
BRDA:24,4,0,55
BRDA:45,5,0,53
BRDA:50,6,0,55
BRDA:61,7,0,216
BRDA:77,8,0,636
BRDA:101,9,0,55
BRDA:107,10,0,103
BRDA:119,11,0,6
BRDA:119,12,0,3
BRDA:119,13,0,100
BRDA:130,14,0,101
BRDA:142,15,0,101
BRDA:185,16,0,53
BRDA:215,17,0,25
BRDA:217,18,0,25
BRDA:233,19,0,25
BRDA:238,20,0,32
BRDA:242,21,0,5
BRDA:244,22,0,0
BRDA:268,23,0,2
BRDA:270,24,0,0
BRF:25
BRH:22
end_of_record
TN:
SF:src/components/RadarInfoPanel.tsx
FN:9,RadarInfoPanel
FNF:1
FNH:1
FNDA:31,RadarInfoPanel
DA:1,1
DA:9,1
DA:10,31
DA:12,31
DA:13,31
DA:14,4
DA:15,4
DA:16,4
DA:17,4
DA:18,4
DA:22,4
DA:23,4
DA:30,4
DA:32,27
DA:33,31
DA:34,3
DA:35,3
DA:36,3
DA:37,3
DA:38,3
DA:42,3
DA:43,3
DA:44,3
DA:45,3
DA:46,3
DA:47,3
DA:48,3
DA:49,3
DA:50,3
DA:51,3
DA:56,3
DA:58,24
DA:59,24
DA:60,24
DA:61,24
DA:62,24
DA:63,24
DA:67,24
DA:68,24
DA:69,24
DA:70,24
DA:73,24
DA:74,24
DA:77,24
DA:78,24
DA:81,24
DA:83,24
DA:84,24
DA:87,24
DA:89,24
DA:90,24
DA:93,24
DA:98,24
LF:53
LH:53
BRDA:9,0,0,31
BRDA:13,1,0,4
BRDA:30,2,0,27
BRDA:33,3,0,4
BRDA:33,4,0,3
BRDA:56,5,0,24
BRF:6
BRH:6
end_of_record
TN:
SF:src/components/SettingsModal.tsx
FN:19,SettingsModal
FN:26,handleSave
FN:63,onChange
FN:76,onChange
FN:89,onChange
FNF:5
FNH:5
FNDA:88,SettingsModal
FNDA:10,handleSave
FNDA:6,onChange
FNDA:5,onChange
FNDA:4,onChange
DA:1,1
DA:19,1
DA:20,88
DA:21,88
DA:22,88
DA:23,88
DA:24,88
DA:26,88
DA:27,10
DA:28,10
DA:29,10
DA:30,10
DA:31,10
DA:32,10
DA:33,10
DA:34,10
DA:36,88
DA:37,88
DA:38,88
DA:39,88
DA:40,88
DA:41,88
DA:42,88
DA:44,88
DA:45,88
DA:48,88
DA:49,88
DA:50,88
DA:51,88
DA:55,88
DA:56,88
DA:57,88
DA:60,88
DA:61,88
DA:62,88
DA:63,88
DA:64,88
DA:65,88
DA:68,88
DA:69,88
DA:72,88
DA:73,88
DA:74,88
DA:75,88
DA:76,88
DA:77,88
DA:78,88
DA:81,88
DA:82,88
DA:85,88
DA:86,88
DA:87,88
DA:88,88
DA:89,88
DA:90,88
DA:91,88
DA:95,88
DA:96,88
DA:97,88
DA:98,88
DA:99,88
DA:100,88
DA:107,88
LF:63
LH:63
BRDA:19,0,0,88
BRDA:26,1,0,10
BRDA:63,2,0,6
BRDA:76,3,0,5
BRDA:76,4,0,1
BRDA:89,5,0,4
BRDA:89,6,0,2
BRF:7
BRH:7
end_of_record
TN:
SF:src/components/TrackInfo.tsx
FN:10,TrackInfo
FNF:1
FNH:1
FNDA:32,TrackInfo
DA:1,1
DA:10,1
DA:11,32
DA:12,32
DA:13,32
DA:14,32
DA:15,32
DA:16,32
DA:17,32
DA:19,32
DA:20,32
DA:21,32
DA:23,32
DA:24,32
DA:25,32
DA:27,32
DA:28,32
DA:29,32
DA:30,32
DA:31,32
DA:33,32
DA:34,32
DA:35,32
DA:39,32
DA:40,32
DA:41,32
DA:42,32
DA:45,32
DA:46,32
DA:47,32
DA:48,32
DA:54,32
LF:32
LH:32
BRDA:10,0,0,32
BRF:1
BRH:1
end_of_record
TN:
SF:src/components/__tests__/AddShipModal.test.tsx
FNF:0
FNH:0
DA:1,1
DA:11,1
DA:12,1
DA:13,1
DA:14,1
DA:15,1
DA:16,1
DA:17,1
DA:18,1
DA:19,1
DA:20,1
DA:21,1
DA:22,1
DA:23,1
DA:25,1
DA:26,1
DA:27,1
DA:28,1
DA:29,1
DA:30,1
DA:31,1
DA:32,1
DA:34,1
DA:35,1
DA:36,1
DA:37,1
DA:38,1
DA:39,1
DA:40,1
DA:41,1
DA:42,1
DA:43,1
DA:44,1
DA:45,1
DA:46,1
DA:47,1
DA:48,1
DA:49,1
DA:50,1
DA:51,1
DA:52,1
DA:53,1
DA:54,1
DA:56,1
DA:57,34
DA:59,34
DA:60,34
DA:61,34
DA:62,34
DA:63,34
DA:64,34
DA:65,34
DA:66,34
DA:67,34
DA:68,34
DA:70,34
DA:72,34
DA:73,34
DA:74,34
DA:76,1
DA:77,1
DA:78,1
DA:80,1
DA:81,1
DA:83,1
DA:84,1
DA:86,1
DA:87,1
DA:88,1
DA:89,1
DA:91,1
DA:92,1
DA:94,1
DA:95,1
DA:96,1
DA:97,1
DA:99,1
DA:100,1
DA:102,1
DA:103,1
DA:104,1
DA:105,1
DA:107,1
DA:108,1
DA:110,1
DA:111,1
DA:112,1
DA:113,1
DA:115,1
DA:116,1
DA:118,1
DA:119,1
DA:120,1
DA:121,1
DA:122,1
DA:124,1
DA:125,1
DA:126,1
DA:128,1
DA:130,1
DA:132,1
DA:133,1
DA:134,1
DA:135,1
DA:137,1
DA:138,1
DA:140,1
DA:141,1
DA:142,1
DA:144,1
DA:145,1
DA:147,1
DA:148,1
DA:149,1
DA:151,1
DA:152,1
DA:153,1
DA:155,1
DA:156,1
DA:158,1
DA:159,1
DA:161,1
DA:162,1
DA:163,1
DA:164,1
DA:166,1
DA:167,1
DA:169,1
DA:170,1
DA:171,1
DA:173,1
DA:174,1
DA:175,1
DA:176,1
DA:178,1
DA:179,1
DA:180,1
DA:182,1
DA:183,1
DA:184,1
DA:186,1
DA:187,1
DA:188,1
DA:190,1
DA:191,1
DA:192,1
DA:193,1
DA:194,1
DA:195,1
DA:196,1
DA:198,1
DA:200,1
DA:202,1
DA:203,1
DA:204,1
DA:206,1
DA:207,1
DA:209,1
DA:210,1
DA:211,1
DA:212,1
DA:213,1
DA:215,1
DA:216,1
DA:217,1
DA:219,1
DA:220,1
DA:221,1
DA:223,1
DA:224,1
DA:226,1
DA:227,1
DA:228,1
DA:229,1
DA:231,1
DA:232,1
DA:234,1
DA:236,1
DA:237,1
DA:238,1
DA:240,1
DA:241,1
DA:243,1
DA:244,1
DA:245,1
DA:247,1
DA:248,1
DA:249,1
DA:251,1
DA:252,1
DA:253,1
DA:254,1
DA:255,1
DA:256,1
DA:257,1
DA:259,1
DA:261,1
DA:263,1
DA:264,1
DA:265,1
DA:267,1
DA:268,1
DA:270,1
DA:271,2
DA:272,2
DA:273,1
DA:275,1
DA:276,1
DA:277,1
DA:279,1
DA:280,1
DA:281,1
DA:282,1
DA:283,1
DA:284,1
DA:286,1
DA:288,1
DA:290,1
DA:291,1
DA:292,1
DA:294,1
DA:295,1
DA:297,1
DA:298,2
DA:299,2
DA:300,2
DA:302,2
DA:304,1
DA:305,1
DA:306,1
DA:308,1
DA:309,1
DA:310,1
DA:311,1
DA:312,1
DA:313,1
DA:314,1
DA:316,1
DA:318,1
DA:320,1
DA:321,1
DA:322,1
DA:324,1
DA:325,1
DA:327,1
DA:328,1
DA:329,1
DA:331,1
DA:332,1
DA:333,1
DA:334,1
DA:335,1
DA:337,1
DA:338,1
DA:339,4
DA:340,4
DA:341,4
DA:342,4
DA:343,4
DA:345,1
DA:346,1
DA:348,1
DA:349,1
DA:350,1
DA:351,1
DA:353,1
DA:354,1
DA:356,1
DA:357,1
DA:358,1
DA:359,1
DA:360,1
DA:362,1
DA:363,1
DA:365,1
DA:366,1
DA:367,1
DA:368,1
DA:369,1
DA:371,1
DA:372,1
DA:374,1
DA:375,1
DA:376,1
DA:377,1
DA:378,1
DA:379,1
DA:381,1
DA:382,1
DA:383,1
DA:385,1
DA:386,1
DA:387,1
DA:389,1
DA:390,1
DA:392,1
DA:393,1
DA:395,1
DA:396,1
DA:397,1
DA:398,1
DA:399,1
DA:400,1
DA:401,1
DA:403,1
DA:405,1
DA:407,1
DA:408,1
DA:409,1
DA:411,1
DA:412,1
DA:414,1
DA:415,1
DA:416,1
DA:417,1
DA:418,1
DA:419,1
DA:420,1
DA:422,1
DA:423,1
DA:424,1
DA:426,1
DA:427,1
DA:428,1
DA:430,1
DA:431,1
DA:432,1
DA:434,1
DA:435,1
DA:437,1
DA:438,1
DA:439,1
DA:440,1
DA:441,1
DA:443,1
DA:444,1
DA:446,1
DA:447,1
DA:448,1
DA:449,1
DA:450,1
DA:452,1
DA:453,1
DA:454,1
DA:455,1
DA:456,1
DA:458,1
DA:460,1
DA:461,1
DA:462,1
DA:463,1
DA:464,1
DA:466,1
DA:467,1
DA:468,1
DA:469,1
DA:470,1
DA:472,1
DA:474,1
DA:475,1
DA:476,1
DA:477,1
DA:479,1
DA:480,1
DA:481,1
DA:482,1
DA:483,1
DA:485,1
DA:487,1
DA:488,1
DA:489,1
DA:491,1
DA:492,1
DA:493,1
DA:494,1
DA:495,1
DA:496,1
DA:498,1
DA:499,1
DA:500,1
DA:501,1
DA:502,1
DA:503,1
DA:505,1
DA:507,1
DA:508,1
DA:509,1
DA:510,1
DA:512,1
DA:513,1
DA:514,1
DA:515,1
DA:516,1
DA:518,1
DA:520,1
DA:521,1
DA:522,1
DA:524,1
DA:525,1
DA:527,1
DA:528,1
DA:529,1
DA:531,1
DA:532,1
DA:533,1
DA:534,1
DA:535,1
DA:536,1
DA:537,1
DA:538,1
DA:539,1
DA:540,1
DA:541,1
DA:542,1
DA:543,1
DA:544,1
DA:545,1
DA:546,1
DA:547,1
DA:548,1
DA:549,1
DA:551,1
DA:553,1
DA:554,1
DA:555,1
DA:557,1
DA:558,1
DA:559,1
DA:561,1
DA:562,1
DA:564,1
DA:565,1
DA:566,1
DA:568,1
DA:569,1
DA:571,1
DA:573,1
DA:574,1
DA:575,1
DA:576,1
DA:577,1
DA:578,1
LF:442
LH:442
BRDA:11,0,0,1
BRDA:56,1,0,34
BRDA:76,2,0,1
BRDA:77,3,0,1
BRDA:83,4,0,1
BRDA:86,5,0,1
BRDA:91,6,0,1
BRDA:94,7,0,1
BRDA:99,8,0,1
BRDA:102,9,0,1
BRDA:107,10,0,1
BRDA:110,11,0,1
BRDA:115,12,0,1
BRDA:118,13,0,1
BRDA:124,14,0,1
BRDA:125,15,0,1
BRDA:132,16,0,1
BRDA:137,17,0,1
BRDA:140,18,0,1
BRDA:151,19,0,1
BRDA:152,20,0,1
BRDA:158,21,0,1
BRDA:161,22,0,1
BRDA:166,23,0,1
BRDA:169,24,0,1
BRDA:178,25,0,1
BRDA:179,26,0,1
BRDA:182,27,0,1
BRDA:190,28,0,1
BRDA:202,29,0,1
BRDA:209,30,0,1
BRDA:215,31,0,1
BRDA:216,32,0,1
BRDA:219,33,0,1
BRDA:226,34,0,1
BRDA:231,35,0,1
BRDA:236,36,0,1
BRDA:243,37,0,1
BRDA:251,38,0,1
BRDA:263,39,0,1
BRDA:270,40,0,2
BRDA:275,41,0,1
BRDA:276,42,0,1
BRDA:290,43,0,1
BRDA:297,44,0,2
BRDA:308,45,0,1
BRDA:320,46,0,1
BRDA:327,47,0,1
BRDA:331,48,0,1
BRDA:337,49,0,1
BRDA:338,50,0,4
BRDA:345,51,0,1
BRDA:348,52,0,1
BRDA:353,53,0,1
BRDA:356,54,0,1
BRDA:362,55,0,1
BRDA:365,56,0,1
BRDA:371,57,0,1
BRDA:374,58,0,1
BRDA:381,59,0,1
BRDA:382,60,0,1
BRDA:385,61,0,1
BRDA:395,62,0,1
BRDA:407,63,0,1
BRDA:414,64,0,1
BRDA:422,65,0,1
BRDA:423,66,0,1
BRDA:426,67,0,1
BRDA:434,68,0,1
BRDA:437,69,0,1
BRDA:443,70,0,1
BRDA:446,71,0,1
BRDA:452,72,0,1
BRDA:460,73,0,1
BRDA:466,74,0,1
BRDA:474,75,0,1
BRDA:479,76,0,1
BRDA:487,77,0,1
BRDA:498,78,0,1
BRDA:499,79,0,1
BRDA:507,80,0,1
BRDA:512,81,0,1
BRDA:520,82,0,1
BRDA:531,83,0,1
BRDA:532,84,0,1
BRDA:553,85,0,1
BRDA:561,86,0,1
BRDA:564,87,0,1
BRDA:573,88,0,1
BRF:89
BRH:89
end_of_record
TN:
SF:src/components/__tests__/RadarControls.test.tsx
FNF:0
FNH:0
DA:1,1
DA:13,1
DA:14,1
DA:15,1
DA:16,1
DA:17,1
DA:18,1
DA:19,1
DA:21,1
DA:22,1
DA:23,1
DA:25,1
DA:26,34
DA:28,34
DA:29,34
DA:30,34
DA:31,34
DA:32,34
DA:33,34
DA:34,34
DA:35,34
DA:36,34
DA:37,34
DA:38,34
DA:39,34
DA:41,1
DA:42,1
DA:43,1
DA:45,1
DA:46,1
DA:47,1
DA:49,1
DA:50,1
DA:52,1
DA:53,1
DA:54,1
DA:56,1
DA:57,1
DA:59,1
DA:60,1
DA:61,1
DA:63,1
DA:64,1
DA:66,1
DA:67,1
DA:69,1
DA:70,1
DA:71,1
DA:73,1
DA:74,1
DA:75,1
DA:77,1
DA:78,1
DA:80,1
DA:81,1
DA:82,1
DA:83,1
DA:84,1
DA:85,1
DA:86,1
DA:87,1
DA:88,1
DA:89,1
DA:90,1
DA:91,1
DA:93,1
DA:95,1
DA:96,1
DA:98,1
DA:99,1
DA:100,1
DA:101,1
DA:102,1
DA:103,1
DA:104,1
DA:105,1
DA:106,1
DA:107,1
DA:108,1
DA:109,1
DA:111,1
DA:113,1
DA:114,1
DA:116,1
DA:117,1
DA:119,1
DA:120,1
DA:121,1
DA:123,1
DA:124,1
DA:125,1
DA:126,1
DA:127,1
DA:128,1
DA:129,1
DA:130,1
DA:131,1
DA:132,1
DA:133,1
DA:134,1
DA:136,1
DA:138,1
DA:139,1
DA:140,1
DA:142,1
DA:143,1
DA:144,1
DA:145,1
DA:146,1
DA:147,1
DA:148,1
DA:149,1
DA:150,1
DA:151,1
DA:152,1
DA:153,1
DA:155,1
DA:157,1
DA:158,1
DA:159,1
DA:160,1
DA:162,1
DA:163,1
DA:164,1
DA:166,1
DA:167,1
DA:169,1
DA:170,1
DA:172,1
DA:173,1
DA:175,1
DA:176,1
DA:178,1
DA:179,1
DA:180,1
DA:182,1
DA:183,1
DA:185,1
DA:186,1
DA:187,1
DA:189,1
DA:190,1
DA:191,1
DA:192,1
DA:193,1
DA:194,1
DA:195,1
DA:196,1
DA:197,1
DA:198,1
DA:199,1
DA:200,1
DA:202,1
DA:204,1
DA:205,1
DA:206,1
DA:208,1
DA:209,1
DA:210,1
DA:211,1
DA:212,1
DA:213,1
DA:214,1
DA:215,1
DA:216,1
DA:217,1
DA:218,1
DA:219,1
DA:221,1
DA:223,1
DA:224,1
DA:225,1
DA:227,1
DA:228,1
DA:230,1
DA:231,1
DA:233,1
DA:234,1
DA:236,1
DA:237,1
DA:239,1
DA:240,1
DA:242,1
DA:243,1
DA:244,1
DA:246,1
DA:247,1
DA:248,1
DA:250,1
DA:251,1
DA:252,1
DA:254,1
DA:255,1
DA:257,1
DA:258,1
DA:259,1
DA:260,1
DA:261,1
DA:262,1
DA:264,1
DA:265,1
DA:267,1
DA:268,1
DA:269,1
DA:271,1
DA:272,1
DA:274,1
DA:275,1
DA:277,1
DA:278,1
DA:280,1
DA:281,1
DA:283,1
DA:284,1
DA:286,1
DA:287,1
DA:288,1
DA:290,1
DA:291,1
DA:293,1
DA:294,1
DA:295,1
DA:296,1
DA:298,1
DA:299,1
DA:300,1
DA:302,1
DA:303,1
DA:305,1
DA:306,1
DA:308,1
DA:309,1
DA:311,1
DA:312,1
DA:313,1
DA:315,1
DA:316,1
DA:317,1
DA:318,1
DA:319,1
DA:320,1
DA:321,1
DA:322,1
DA:323,1
DA:324,1
DA:325,1
DA:326,1
DA:327,1
DA:328,1
DA:329,1
DA:330,1
DA:332,1
DA:334,1
DA:335,1
DA:337,1
DA:338,1
DA:339,1
DA:340,1
DA:341,1
DA:342,1
DA:343,1
DA:344,1
DA:345,1
DA:346,1
DA:347,1
DA:348,1
DA:350,1
DA:352,1
DA:353,1
DA:355,1
DA:356,1
DA:357,1
DA:358,1
DA:359,1
DA:360,1
DA:361,1
DA:362,1
DA:363,1
DA:364,1
DA:365,1
DA:366,1
DA:368,1
DA:370,1
DA:371,1
DA:372,1
DA:374,1
DA:375,1
DA:376,1
DA:378,1
DA:379,1
DA:381,1
DA:382,1
DA:384,1
DA:385,1
DA:386,1
DA:388,1
DA:389,1
DA:391,1
DA:392,1
DA:393,1
DA:394,1
DA:396,1
DA:397,1
DA:398,1
DA:399,1
DA:401,1
DA:403,1
DA:404,1
DA:406,1
DA:407,1
DA:408,1
DA:410,1
DA:411,1
DA:413,1
DA:414,1
DA:416,1
DA:418,1
DA:419,1
DA:420,1
DA:421,1
DA:422,1
LF:321
LH:321
BRDA:13,0,0,1
BRDA:25,1,0,34
BRDA:41,2,0,1
BRDA:42,3,0,1
BRDA:49,4,0,1
BRDA:56,5,0,1
BRDA:63,6,0,1
BRDA:73,7,0,1
BRDA:74,8,0,1
BRDA:80,9,0,1
BRDA:98,10,0,1
BRDA:116,11,0,1
BRDA:123,12,0,1
BRDA:142,13,0,1
BRDA:162,14,0,1
BRDA:163,15,0,1
BRDA:169,16,0,1
BRDA:175,17,0,1
BRDA:182,18,0,1
BRDA:189,19,0,1
BRDA:208,20,0,1
BRDA:227,21,0,1
BRDA:236,22,0,1
BRDA:246,23,0,1
BRDA:247,24,0,1
BRDA:254,25,0,1
BRDA:264,26,0,1
BRDA:271,27,0,1
BRDA:280,28,0,1
BRDA:290,29,0,1
BRDA:298,30,0,1
BRDA:299,31,0,1
BRDA:305,32,0,1
BRDA:315,33,0,1
BRDA:316,34,0,1
BRDA:337,35,0,1
BRDA:355,36,0,1
BRDA:374,37,0,1
BRDA:375,38,0,1
BRDA:381,39,0,1
BRDA:388,40,0,1
BRDA:396,41,0,1
BRDA:397,42,0,1
BRDA:410,43,0,1
BRF:44
BRH:44
end_of_record
TN:
SF:src/components/__tests__/RadarDisplay.test.tsx
FN:117,toJSON
FN:126,get
FN:127,set
FN:131,get
FN:132,set
FNF:5
FNH:4
FNDA:0,toJSON
FNDA:60,get
FNDA:25,set
FNDA:60,get
FNDA:25,set
DA:1,1
DA:8,1
DA:13,1
DA:22,1
DA:32,1
DA:33,1
DA:34,1
DA:35,1
DA:36,1
DA:37,1
DA:38,1
DA:40,1
DA:41,1
DA:42,1
DA:43,1
DA:44,1
DA:45,1
DA:46,1
DA:47,1
DA:48,1
DA:50,1
DA:51,1
DA:52,1
DA:53,1
DA:54,1
DA:55,1
DA:56,1
DA:57,1
DA:58,1
DA:59,1
DA:60,1
DA:61,1
DA:62,1
DA:63,1
DA:64,1
DA:65,1
DA:66,1
DA:67,1
DA:68,1
DA:69,1
DA:70,1
DA:71,1
DA:72,1
DA:73,1
DA:74,1
DA:75,1
DA:76,1
DA:77,1
DA:78,1
DA:79,1
DA:80,1
DA:82,1
DA:83,1
DA:84,1
DA:86,1
DA:87,25
DA:88,25
DA:90,25
DA:91,25
DA:92,25
DA:93,25
DA:94,25
DA:95,25
DA:96,25
DA:97,25
DA:98,25
DA:99,25
DA:100,25
DA:101,25
DA:102,25
DA:103,25
DA:104,25
DA:105,25
DA:106,25
DA:108,25
DA:109,25
DA:110,25
DA:111,25
DA:112,25
DA:113,25
DA:114,25
DA:115,25
DA:116,25
DA:117,25
DA:118,25
DA:120,25
DA:121,25
DA:122,25
DA:124,25
DA:125,25
DA:126,25
DA:127,25
DA:128,25
DA:129,25
DA:130,25
DA:131,25
DA:132,25
DA:133,25
DA:134,25
DA:136,25
DA:137,25
DA:138,25
DA:139,25
DA:140,25
DA:141,25
DA:142,25
DA:143,25
DA:144,25
DA:145,25
DA:146,25
DA:147,25
DA:148,25
DA:149,25
DA:151,25
DA:152,25
DA:153,103
DA:154,103
DA:155,103
DA:157,25
DA:158,25
DA:160,1
DA:161,1
DA:162,1
DA:163,1
DA:164,1
DA:165,1
DA:167,1
DA:168,1
DA:169,1
DA:170,1
DA:171,1
DA:172,1
DA:174,1
DA:175,1
DA:176,1
DA:177,1
DA:178,1
DA:179,1
DA:181,1
DA:182,1
DA:183,1
DA:184,1
DA:185,1
DA:187,1
DA:188,1
DA:190,1
DA:191,1
DA:192,1
DA:193,1
DA:194,1
DA:196,1
DA:197,1
DA:199,1
DA:200,1
DA:201,38
DA:202,38
DA:203,1
DA:205,1
DA:206,1
DA:208,1
DA:209,1
DA:211,1
DA:212,1
DA:214,1
DA:215,1
DA:216,1
DA:217,1
DA:218,1
DA:219,1
DA:220,1
DA:221,1
DA:223,1
DA:225,1
DA:226,1
DA:228,1
DA:229,1
DA:230,1
DA:232,1
DA:233,1
DA:235,1
DA:236,1
DA:238,1
DA:240,1
DA:241,1
DA:242,1
DA:243,1
DA:245,1
DA:246,1
DA:248,1
DA:250,1
DA:251,1
DA:252,1
DA:253,1
DA:254,1
DA:255,1
DA:256,1
DA:257,1
DA:258,1
DA:259,1
DA:260,1
DA:261,1
DA:262,1
DA:263,1
DA:265,1
DA:267,1
DA:268,1
DA:269,1
DA:271,1
DA:272,1
DA:274,1
DA:276,1
DA:277,1
DA:279,1
DA:280,1
DA:281,1
DA:283,1
DA:284,1
DA:286,1
DA:288,1
DA:289,1
DA:290,1
DA:291,1
DA:292,1
DA:293,1
DA:294,1
DA:295,1
DA:296,1
DA:297,1
DA:298,1
DA:299,1
DA:300,1
DA:301,1
DA:303,1
DA:305,1
DA:306,1
DA:307,1
DA:308,1
DA:310,1
DA:311,1
DA:312,1
DA:313,1
DA:315,1
DA:316,1
DA:318,1
DA:320,1
DA:321,1
DA:322,1
DA:323,1
DA:324,1
DA:326,1
DA:327,1
DA:328,1
DA:329,1
DA:330,1
DA:332,1
DA:333,1
DA:334,1
DA:336,1
DA:337,1
DA:339,1
DA:341,1
DA:343,1
DA:344,1
DA:345,1
DA:347,1
DA:348,1
DA:349,1
DA:351,1
DA:352,1
DA:353,1
DA:355,1
DA:357,1
DA:358,1
DA:359,1
DA:360,1
DA:361,1
DA:362,1
DA:363,1
DA:364,1
DA:366,1
DA:368,1
DA:369,1
DA:371,1
DA:372,1
DA:374,1
DA:376,1
DA:377,1
DA:378,1
DA:379,1
DA:380,1
DA:382,1
DA:383,1
DA:384,1
DA:385,1
DA:387,1
DA:388,1
DA:389,1
DA:390,1
DA:391,1
DA:393,1
DA:394,1
DA:395,1
DA:397,1
DA:399,1
DA:400,1
DA:401,1
DA:402,1
DA:403,1
DA:405,1
DA:406,1
DA:407,1
DA:408,1
DA:409,1
DA:410,1
DA:411,1
DA:412,1
DA:413,1
DA:414,1
DA:415,1
DA:416,1
DA:417,1
DA:418,1
DA:419,1
DA:421,1
DA:422,1
DA:423,1
DA:425,1
DA:426,1
DA:427,1
DA:428,1
DA:429,1
DA:430,1
DA:432,1
DA:433,1
DA:434,1
DA:435,1
DA:436,1
DA:437,1
DA:438,1
DA:439,1
DA:440,1
DA:441,1
DA:442,1
DA:443,1
DA:444,1
DA:446,1
DA:447,1
DA:449,1
DA:450,1
DA:451,1
DA:452,1
DA:454,1
DA:455,1
DA:456,1
DA:457,1
DA:459,1
DA:460,1
DA:461,1
DA:463,1
DA:464,1
DA:465,1
DA:466,1
DA:468,1
DA:469,1
DA:470,1
DA:472,1
DA:474,1
DA:475,1
DA:477,1
DA:478,1
DA:480,1
DA:482,1
DA:484,1
DA:485,1
DA:486,1
DA:487,1
LF:376
LH:376
BRDA:32,0,0,1
BRDA:86,1,0,25
BRDA:121,2,0,55
BRDA:122,3,0,7
BRDA:126,4,0,60
BRDA:127,5,0,25
BRDA:131,6,0,60
BRDA:132,7,0,25
BRDA:152,8,0,103
BRDA:160,9,0,1
BRDA:161,10,0,1
BRDA:167,11,0,1
BRDA:174,12,0,1
BRDA:181,13,0,1
BRDA:182,14,0,1
BRDA:187,15,0,1
BRDA:196,16,0,1
BRDA:200,17,0,38
BRDA:208,18,0,1
BRDA:225,19,0,1
BRDA:229,20,0,1
BRDA:235,21,0,1
BRDA:245,22,0,1
BRDA:271,23,0,1
BRDA:283,24,0,1
BRDA:310,25,0,1
BRDA:311,26,0,1
BRDA:332,27,0,1
BRDA:351,28,0,1
BRDA:368,29,0,1
BRDA:382,30,0,1
BRDA:383,31,0,1
BRDA:388,32,0,1
BRDA:393,33,0,1
BRDA:405,34,0,1
BRDA:406,35,0,1
BRDA:421,36,0,1
BRDA:425,37,0,1
BRDA:446,38,0,1
BRDA:449,39,0,1
BRDA:451,40,0,1
BRDA:454,41,0,1
BRDA:456,42,0,1
BRDA:459,43,0,1
BRDA:461,44,0,2
BRDA:464,45,0,1
BRDA:468,46,0,1
BRDA:469,47,0,1
BRDA:477,48,0,1
BRF:49
BRH:49
end_of_record
TN:
SF:src/components/__tests__/RadarInfoPanel.test.tsx
FNF:0
FNH:0
DA:1,1
DA:12,1
DA:13,1
DA:14,1
DA:15,1
DA:16,1
DA:17,1
DA:18,1
DA:19,1
DA:20,1
DA:21,1
DA:23,1
DA:24,27
DA:25,27
DA:27,1
DA:28,1
DA:29,1
DA:30,1
DA:31,1
DA:32,1
DA:33,1
DA:34,1
DA:35,1
DA:37,1
DA:39,1
DA:40,1
DA:41,1
DA:43,1
DA:44,1
DA:45,1
DA:46,1
DA:47,1
DA:48,1
DA:49,1
DA:50,1
DA:52,1
DA:54,1
DA:55,1
DA:56,1
DA:58,1
DA:59,1
DA:60,1
DA:61,1
DA:62,1
DA:63,1
DA:64,1
DA:65,1
DA:67,1
DA:69,1
DA:70,1
DA:71,1
DA:72,1
DA:74,1
DA:75,1
DA:76,1
DA:77,1
DA:78,1
DA:79,1
DA:80,1
DA:81,1
DA:82,1
DA:84,1
DA:86,1
DA:87,1
DA:88,1
DA:89,1
DA:90,1
DA:92,1
DA:93,1
DA:94,1
DA:95,1
DA:96,1
DA:97,1
DA:98,1
DA:99,1
DA:101,1
DA:103,1
DA:104,1
DA:105,1
DA:107,1
DA:108,1
DA:109,1
DA:110,1
DA:111,1
DA:112,1
DA:113,1
DA:114,1
DA:116,1
DA:118,1
DA:119,1
DA:120,1
DA:121,1
DA:122,1
DA:124,1
DA:125,1
DA:126,8
DA:127,8
DA:128,8
DA:129,8
DA:130,8
DA:131,8
DA:132,8
DA:133,8
DA:135,1
DA:136,1
DA:138,1
DA:139,1
DA:141,1
DA:142,1
DA:144,1
DA:145,1
DA:146,1
DA:148,1
DA:149,1
DA:151,1
DA:152,1
DA:153,1
DA:155,1
DA:156,1
DA:158,1
DA:159,1
DA:160,1
DA:162,1
DA:163,1
DA:165,1
DA:166,1
DA:167,1
DA:169,1
DA:170,1
DA:172,1
DA:174,1
DA:175,1
DA:177,1
DA:178,1
DA:180,1
DA:181,1
DA:182,1
DA:183,1
DA:184,1
DA:186,1
DA:187,1
DA:189,1
DA:190,1
DA:191,1
DA:192,1
DA:194,1
DA:195,1
DA:196,1
DA:197,1
DA:198,1
DA:199,1
DA:200,1
DA:201,1
DA:202,1
DA:203,1
DA:204,1
DA:205,1
DA:207,1
DA:209,1
DA:210,1
DA:212,1
DA:213,1
DA:214,1
DA:215,1
DA:216,1
DA:217,1
DA:218,1
DA:219,1
DA:220,1
DA:221,1
DA:222,1
DA:224,1
DA:226,1
DA:227,1
DA:229,1
DA:230,1
DA:231,1
DA:232,1
DA:233,1
DA:234,1
DA:235,1
DA:236,1
DA:237,1
DA:238,1
DA:239,1
DA:241,1
DA:243,1
DA:244,1
DA:246,1
DA:247,1
DA:248,1
DA:249,1
DA:250,1
DA:251,1
DA:252,1
DA:253,1
DA:254,1
DA:255,1
DA:256,1
DA:257,1
DA:258,1
DA:260,1
DA:262,1
DA:263,1
DA:264,1
DA:265,1
DA:266,1
DA:268,1
DA:269,1
DA:270,1
DA:271,1
DA:272,1
DA:273,1
DA:274,1
DA:275,1
DA:276,1
DA:277,1
DA:278,1
DA:279,1
DA:281,1
DA:283,1
DA:284,1
DA:286,1
DA:287,1
DA:288,1
DA:289,1
DA:290,1
DA:291,1
DA:292,1
DA:293,1
DA:294,1
DA:295,1
DA:296,1
DA:298,1
DA:300,1
DA:301,1
DA:303,1
DA:304,1
DA:305,1
DA:306,1
DA:307,1
DA:308,1
DA:309,1
DA:310,1
DA:311,1
DA:312,1
DA:313,1
DA:315,1
DA:317,1
DA:318,1
DA:320,1
DA:321,1
DA:322,1
DA:323,1
DA:324,1
DA:325,1
DA:326,1
DA:327,1
DA:328,1
DA:329,1
DA:330,1
DA:332,1
DA:334,1
DA:335,1
DA:337,1
DA:338,1
DA:339,1
DA:340,1
DA:341,1
DA:342,1
DA:343,1
DA:344,1
DA:345,1
DA:346,1
DA:347,1
DA:348,1
DA:349,1
DA:351,1
DA:353,1
DA:354,1
DA:355,1
DA:356,1
DA:357,1
DA:359,1
DA:360,1
DA:361,1
DA:363,1
DA:364,1
DA:365,1
DA:366,1
DA:367,1
DA:368,1
DA:369,1
DA:370,1
DA:372,1
DA:374,1
DA:375,1
DA:377,1
DA:378,1
DA:379,1
DA:380,1
DA:381,1
DA:382,1
DA:383,1
DA:384,1
DA:386,1
DA:388,1
DA:389,1
DA:390,1
DA:392,1
DA:393,1
DA:395,1
DA:396,1
DA:397,1
DA:398,1
DA:399,1
DA:400,1
DA:401,1
DA:402,1
DA:404,1
DA:406,1
DA:408,1
DA:409,1
DA:410,1
DA:411,1
DA:412,1
DA:413,1
DA:414,1
DA:415,1
DA:417,1
DA:419,1
DA:420,1
DA:421,1
DA:422,1
DA:424,1
DA:425,1
DA:426,1
DA:427,1
DA:428,1
DA:429,1
DA:430,1
DA:431,1
DA:432,1
DA:434,1
DA:436,1
DA:437,1
DA:438,1
DA:439,1
DA:441,1
DA:442,1
DA:443,1
DA:444,1
DA:445,1
DA:446,1
DA:447,1
DA:448,1
DA:450,1
DA:452,1
DA:453,1
DA:454,1
DA:455,1
DA:456,1
DA:457,1
LF:363
LH:363
BRDA:12,0,0,1
BRDA:23,1,0,27
BRDA:27,2,0,1
BRDA:28,3,0,1
BRDA:43,4,0,1
BRDA:58,5,0,1
BRDA:74,6,0,1
BRDA:75,7,0,1
BRDA:92,8,0,1
BRDA:107,9,0,1
BRDA:124,10,0,1
BRDA:125,11,0,8
BRDA:135,12,0,1
BRDA:141,13,0,1
BRDA:148,14,0,1
BRDA:155,15,0,1
BRDA:162,16,0,1
BRDA:169,17,0,1
BRDA:177,18,0,1
BRDA:186,19,0,1
BRDA:194,20,0,1
BRDA:195,21,0,1
BRDA:212,22,0,1
BRDA:229,23,0,1
BRDA:246,24,0,1
BRDA:268,25,0,1
BRDA:269,26,0,1
BRDA:286,27,0,1
BRDA:303,28,0,1
BRDA:320,29,0,1
BRDA:337,30,0,1
BRDA:359,31,0,1
BRDA:360,32,0,1
BRDA:392,33,0,1
BRDA:424,34,0,1
BRDA:425,35,0,1
BRDA:441,36,0,1
BRF:37
BRH:37
end_of_record
TN:
SF:src/components/__tests__/SettingsModal.test.tsx
FNF:0
FNH:0
DA:1,1
DA:9,1
DA:10,1
DA:11,1
DA:12,1
DA:13,1
DA:14,1
DA:16,1
DA:18,1
DA:19,33
DA:21,33
DA:22,33
DA:23,33
DA:24,33
DA:25,33
DA:27,1
DA:28,1
DA:29,1
DA:31,1
DA:32,1
DA:33,1
DA:35,1
DA:36,1
DA:38,1
DA:39,1
DA:40,1
DA:42,1
DA:43,1
DA:45,1
DA:46,1
DA:48,1
DA:49,1
DA:51,1
DA:52,1
DA:54,1
DA:55,1
DA:56,1
DA:57,1
DA:58,1
DA:60,1
DA:61,1
DA:62,6
DA:63,6
DA:64,6
DA:66,6
DA:67,6
DA:68,6
DA:69,6
DA:71,1
DA:72,1
DA:73,1
DA:75,1
DA:76,1
DA:77,1
DA:79,1
DA:80,1
DA:81,1
DA:83,1
DA:84,1
DA:85,1
DA:87,1
DA:88,1
DA:89,1
DA:91,1
DA:92,1
DA:93,1
DA:94,1
DA:96,1
DA:97,1
DA:98,8
DA:99,8
DA:100,8
DA:102,8
DA:103,8
DA:104,8
DA:105,8
DA:107,1
DA:108,1
DA:109,1
DA:110,1
DA:112,1
DA:113,1
DA:114,1
DA:115,1
DA:117,1
DA:118,1
DA:119,1
DA:120,1
DA:122,1
DA:123,1
DA:125,1
DA:127,1
DA:128,1
DA:130,1
DA:131,1
DA:133,1
DA:135,1
DA:136,1
DA:138,1
DA:139,1
DA:141,1
DA:143,1
DA:144,1
DA:146,1
DA:147,1
DA:149,1
DA:151,1
DA:152,1
DA:154,1
DA:155,1
DA:157,1
DA:159,1
DA:160,1
DA:161,1
DA:163,1
DA:164,1
DA:165,4
DA:166,4
DA:167,4
DA:169,4
DA:170,4
DA:171,4
DA:172,4
DA:174,1
DA:175,1
DA:176,1
DA:177,1
DA:179,1
DA:180,1
DA:181,1
DA:183,1
DA:184,1
DA:186,1
DA:187,1
DA:188,1
DA:189,1
DA:190,1
DA:191,1
DA:193,1
DA:194,1
DA:195,1
DA:197,1
DA:198,1
DA:199,1
DA:200,1
DA:202,1
DA:203,1
DA:204,1
DA:206,1
DA:207,1
DA:209,1
DA:210,1
DA:211,1
DA:213,1
DA:214,1
DA:216,1
DA:217,1
DA:218,1
DA:219,1
DA:220,1
DA:221,1
DA:222,1
DA:224,1
DA:225,1
DA:226,1
DA:227,1
DA:229,1
DA:230,1
DA:231,1
DA:233,1
DA:234,1
DA:236,1
DA:237,1
DA:239,1
DA:240,1
DA:241,1
DA:242,1
DA:243,1
DA:244,1
DA:246,1
DA:247,1
DA:248,1
DA:250,1
DA:251,1
DA:252,1
DA:254,1
DA:255,1
DA:257,1
DA:258,1
DA:260,1
DA:261,1
DA:262,1
DA:263,1
DA:264,1
DA:265,1
DA:267,1
DA:268,1
DA:269,1
DA:271,1
DA:272,1
DA:273,1
DA:275,1
DA:276,1
DA:278,1
DA:279,1
DA:281,1
DA:282,1
DA:283,1
DA:284,1
DA:285,1
DA:286,1
DA:288,1
DA:289,1
DA:290,1
DA:292,1
DA:293,1
DA:294,1
DA:296,1
DA:297,1
DA:299,1
DA:300,1
DA:302,1
DA:303,1
DA:304,1
DA:305,1
DA:306,1
DA:307,1
DA:309,1
DA:310,1
DA:311,1
DA:313,1
DA:314,1
DA:315,1
DA:317,1
DA:318,1
DA:320,1
DA:321,1
DA:323,1
DA:324,1
DA:325,1
DA:326,1
DA:327,1
DA:328,1
DA:329,1
DA:331,1
DA:332,1
DA:333,1
DA:334,1
DA:335,1
DA:336,1
DA:337,1
DA:338,1
DA:339,1
DA:340,1
DA:342,1
DA:343,1
DA:345,1
DA:346,1
DA:347,1
DA:349,1
DA:350,1
DA:351,1
DA:353,1
DA:354,1
DA:355,1
DA:356,1
DA:357,1
DA:359,1
DA:360,1
DA:361,1
DA:363,1
DA:364,1
DA:366,1
DA:367,1
DA:369,1
DA:371,1
DA:372,1
DA:373,1
DA:374,1
DA:376,1
DA:377,1
DA:379,1
DA:380,1
DA:382,1
DA:383,1
DA:384,1
DA:386,1
DA:387,1
DA:388,1
DA:390,1
DA:391,1
DA:393,1
DA:394,1
DA:395,1
DA:397,1
DA:398,1
DA:399,1
DA:400,1
DA:401,1
DA:402,1
DA:403,1
DA:404,1
DA:405,1
DA:407,1
DA:408,1
DA:410,1
DA:411,1
DA:412,1
DA:414,1
DA:415,1
DA:416,1
DA:417,1
DA:419,1
DA:420,1
DA:421,1
DA:422,1
DA:424,1
DA:425,1
DA:426,1
DA:428,1
DA:429,1
DA:430,1
DA:431,1
DA:433,1
DA:434,1
DA:435,1
DA:437,1
DA:438,1
DA:439,1
DA:441,1
DA:442,1
DA:444,1
DA:445,1
DA:446,1
DA:447,1
DA:448,1
LF:336
LH:336
BRDA:9,0,0,1
BRDA:18,1,0,33
BRDA:27,2,0,1
BRDA:28,3,0,1
BRDA:35,4,0,1
BRDA:42,5,0,1
BRDA:48,6,0,1
BRDA:54,7,0,1
BRDA:60,8,0,1
BRDA:61,9,0,6
BRDA:66,10,0,6
BRDA:71,11,0,1
BRDA:75,12,0,1
BRDA:79,13,0,1
BRDA:83,14,0,1
BRDA:87,15,0,1
BRDA:91,16,0,1
BRDA:96,17,0,1
BRDA:97,18,0,8
BRDA:102,19,0,8
BRDA:107,20,0,1
BRDA:112,21,0,1
BRDA:117,22,0,1
BRDA:122,23,0,1
BRDA:130,24,0,1
BRDA:138,25,0,1
BRDA:146,26,0,1
BRDA:154,27,0,1
BRDA:163,28,0,1
BRDA:164,29,0,4
BRDA:169,30,0,4
BRDA:174,31,0,1
BRDA:193,32,0,1
BRDA:197,33,0,1
BRDA:202,34,0,1
BRDA:209,35,0,1
BRDA:224,36,0,1
BRDA:225,37,0,1
BRDA:229,38,0,1
BRDA:246,39,0,1
BRDA:250,40,0,1
BRDA:267,41,0,1
BRDA:271,42,0,1
BRDA:288,43,0,1
BRDA:292,44,0,1
BRDA:309,45,0,1
BRDA:313,46,0,1
BRDA:331,47,0,1
BRDA:332,48,0,1
BRDA:345,49,0,1
BRDA:359,50,0,1
BRDA:360,51,0,1
BRDA:366,52,0,1
BRDA:371,53,0,1
BRDA:376,54,0,1
BRDA:382,55,0,1
BRDA:393,56,0,1
BRDA:410,57,0,1
BRDA:419,58,0,1
BRDA:420,59,0,1
BRDA:424,60,0,1
BRDA:433,61,0,1
BRDA:437,62,0,1
BRF:63
BRH:63
end_of_record
TN:
SF:src/components/__tests__/TrackInfo.test.tsx
FNF:0
FNH:0
DA:1,1
DA:2,1
DA:3,1
DA:6,1
DA:7,1
DA:8,1
DA:9,1
DA:10,1
DA:11,1
DA:12,1
DA:13,1
DA:14,1
DA:15,1
DA:16,1
DA:18,1
DA:19,1
DA:20,1
DA:22,1
DA:23,1
DA:24,1
DA:26,1
DA:27,1
DA:29,1
DA:30,1
DA:31,1
DA:33,1
DA:34,1
DA:36,1
DA:37,1
DA:38,1
DA:40,1
DA:41,1
DA:43,1
DA:44,1
DA:46,1
DA:47,1
DA:49,1
DA:50,1
DA:51,1
DA:53,1
DA:54,1
DA:55,1
DA:57,1
DA:58,1
DA:59,1
DA:61,1
DA:62,1
DA:64,1
DA:65,1
DA:66,1
DA:68,1
DA:69,1
DA:70,1
DA:71,1
DA:72,1
DA:74,1
DA:76,1
DA:77,1
DA:78,1
DA:80,1
DA:81,1
DA:82,1
DA:83,1
DA:84,1
DA:85,1
DA:86,1
DA:87,1
DA:89,1
DA:91,1
DA:92,1
DA:93,1
DA:94,1
DA:96,1
DA:97,1
DA:98,1
DA:99,1
DA:100,1
DA:101,1
DA:103,1
DA:105,1
DA:106,1
DA:107,1
DA:109,1
DA:110,1
DA:112,1
DA:113,1
DA:115,1
DA:116,1
DA:117,1
DA:118,1
DA:119,1
DA:121,1
DA:123,1
DA:124,1
DA:125,1
DA:127,1
DA:128,1
DA:130,1
DA:131,1
DA:133,1
DA:134,1
DA:135,1
DA:136,1
DA:137,1
DA:138,1
DA:140,1
DA:142,1
DA:143,1
DA:144,1
DA:145,1
DA:147,1
DA:148,1
DA:149,1
DA:150,1
DA:151,1
DA:152,1
DA:154,1
DA:156,1
DA:157,1
DA:159,1
DA:160,1
DA:161,1
DA:162,1
DA:163,1
DA:165,1
DA:167,1
DA:168,1
DA:170,1
DA:171,1
DA:172,1
DA:173,1
DA:174,1
DA:175,1
DA:176,1
DA:177,1
DA:179,1
DA:181,1
DA:182,1
DA:184,1
DA:185,1
DA:186,1
DA:187,1
DA:188,1
DA:189,1
DA:190,1
DA:191,1
DA:193,1
DA:195,1
DA:196,1
DA:198,1
DA:199,1
DA:200,1
DA:201,1
DA:202,1
DA:203,1
DA:205,1
DA:207,1
DA:208,1
DA:209,1
DA:210,1
DA:212,1
DA:213,1
DA:214,1
DA:215,1
DA:216,1
DA:217,1
DA:219,1
DA:221,1
DA:222,1
DA:224,1
DA:225,1
DA:226,1
DA:227,1
DA:228,1
DA:230,1
DA:232,1
DA:233,1
DA:235,1
DA:236,1
DA:237,1
DA:238,1
DA:239,1
DA:241,1
DA:243,1
DA:244,1
DA:246,1
DA:247,1
DA:248,1
DA:249,1
DA:250,1
DA:252,1
DA:254,1
DA:255,1
DA:257,1
DA:258,1
DA:259,1
DA:260,1
DA:261,1
DA:263,1
DA:265,1
DA:266,1
DA:268,1
DA:269,1
DA:270,1
DA:271,1
DA:272,1
DA:273,1
DA:274,1
DA:275,1
DA:277,1
DA:279,1
DA:280,1
DA:282,1
DA:283,1
DA:284,1
DA:285,1
DA:286,1
DA:287,1
DA:288,1
DA:289,1
DA:291,1
DA:293,1
DA:294,1
DA:296,1
DA:297,1
DA:298,1
DA:299,1
DA:300,1
DA:302,1
DA:304,1
DA:305,1
DA:307,1
DA:308,1
DA:309,1
DA:310,1
DA:311,1
DA:313,1
DA:315,1
DA:316,1
DA:318,1
DA:319,1
DA:320,1
DA:321,1
DA:322,1
DA:324,1
DA:326,1
DA:327,1
DA:329,1
DA:330,1
DA:331,1
DA:332,1
DA:333,1
DA:335,1
DA:337,1
DA:338,1
DA:339,1
DA:341,1
DA:342,1
DA:343,1
DA:344,1
DA:345,1
DA:346,1
DA:347,1
DA:349,1
DA:351,1
DA:352,1
DA:353,1
DA:354,1
DA:355,1
DA:356,1
DA:357,1
DA:358,1
DA:359,1
DA:361,1
DA:362,1
DA:363,1
DA:364,1
DA:365,1
DA:366,1
DA:368,1
DA:369,1
DA:371,1
DA:372,1
DA:373,1
DA:374,1
DA:375,1
DA:376,1
DA:377,1
DA:378,1
DA:379,1
DA:380,1
DA:381,1
LF:292
LH:292
BRDA:6,0,0,1
BRDA:18,1,0,1
BRDA:19,2,0,1
BRDA:26,3,0,1
BRDA:33,4,0,1
BRDA:40,5,0,1
BRDA:46,6,0,1
BRDA:53,7,0,1
BRDA:54,8,0,1
BRDA:61,9,0,1
BRDA:68,10,0,1
BRDA:80,11,0,1
BRDA:96,12,0,1
BRDA:97,13,0,1
BRDA:109,14,0,1
BRDA:115,15,0,1
BRDA:127,16,0,1
BRDA:133,17,0,1
BRDA:147,18,0,1
BRDA:148,19,0,1
BRDA:159,20,0,1
BRDA:170,21,0,1
BRDA:184,22,0,1
BRDA:198,23,0,1
BRDA:212,24,0,1
BRDA:213,25,0,1
BRDA:224,26,0,1
BRDA:235,27,0,1
BRDA:246,28,0,1
BRDA:257,29,0,1
BRDA:268,30,0,1
BRDA:282,31,0,1
BRDA:296,32,0,1
BRDA:307,33,0,1
BRDA:318,34,0,1
BRDA:329,35,0,1
BRDA:341,36,0,1
BRDA:342,37,0,1
BRDA:361,38,0,1
BRF:39
BRH:39
end_of_record
TN:
SF:src/components/ships/InitialPositionInputs.tsx
FN:17,InitialPositionInputs
FN:37,onChange
FN:61,onChange
FNF:3
FNH:3
FNDA:69,InitialPositionInputs
FNDA:2,onChange
FNDA:2,onChange
DA:1,1
DA:17,1
DA:18,69
DA:19,69
DA:20,69
DA:21,69
DA:22,69
DA:23,69
DA:24,69
DA:25,69
DA:26,69
DA:27,69
DA:28,69
DA:29,69
DA:32,69
DA:33,69
DA:34,69
DA:35,69
DA:36,69
DA:37,69
DA:38,69
DA:39,69
DA:40,69
DA:41,69
DA:42,69
DA:44,69
DA:46,69
DA:47,69
DA:52,69
DA:53,69
DA:56,69
DA:57,69
DA:58,69
DA:59,69
DA:60,69
DA:61,69
DA:62,69
DA:63,69
DA:64,69
DA:65,69
DA:66,69
DA:68,69
DA:70,69
DA:71,69
DA:77,69
LF:45
LH:45
BRDA:17,0,0,69
BRDA:29,1,0,5
BRDA:42,2,0,5
BRDA:53,3,0,5
BRDA:66,4,0,5
BRDA:37,5,0,2
BRDA:61,6,0,2
BRF:7
BRH:7
end_of_record
TN:
SF:src/components/ships/ShipSpecificInputs.tsx
FN:22,ShipSpecificInputs
FN:51,onChange
FN:76,onChange
FN:102,onChange
FN:127,onChange
FNF:5
FNH:5
FNDA:72,ShipSpecificInputs
FNDA:1,onChange
FNDA:1,onChange
FNDA:1,onChange
FNDA:1,onChange
DA:1,1
DA:22,1
DA:23,72
DA:24,72
DA:25,72
DA:26,72
DA:27,72
DA:28,72
DA:29,72
DA:30,72
DA:31,72
DA:32,72
DA:33,72
DA:34,72
DA:35,72
DA:36,3
DA:37,3
DA:39,69
DA:40,69
DA:41,72
DA:42,72
DA:43,72
DA:46,72
DA:47,72
DA:48,72
DA:49,72
DA:50,72
DA:51,72
DA:52,72
DA:53,72
DA:54,72
DA:55,72
DA:57,72
DA:59,72
DA:60,72
DA:66,72
DA:67,72
DA:68,72
DA:71,72
DA:72,72
DA:73,72
DA:74,72
DA:75,72
DA:76,72
DA:77,72
DA:78,72
DA:79,72
DA:80,72
DA:81,72
DA:83,72
DA:85,72
DA:86,72
DA:92,72
DA:93,72
DA:94,72
DA:97,72
DA:98,72
DA:99,72
DA:100,72
DA:101,72
DA:102,72
DA:103,72
DA:104,72
DA:105,72
DA:106,72
DA:108,72
DA:110,72
DA:111,72
DA:117,72
DA:118,72
DA:119,72
DA:122,72
DA:123,72
DA:124,72
DA:125,72
DA:126,72
DA:127,72
DA:128,72
DA:129,72
DA:130,72
DA:131,72
DA:133,72
DA:135,72
DA:136,72
DA:143,72
LF:85
LH:85
BRDA:22,0,0,72
BRDA:35,1,0,3
BRDA:37,2,0,69
BRDA:41,3,0,22
BRDA:43,4,0,2
BRDA:55,5,0,2
BRDA:68,6,0,2
BRDA:81,7,0,2
BRDA:94,8,0,2
BRDA:106,9,0,2
BRDA:119,10,0,2
BRDA:131,11,0,2
BRDA:51,12,0,1
BRDA:76,13,0,1
BRDA:102,14,0,1
BRDA:127,15,0,1
BRF:16
BRH:16
end_of_record
TN:
SF:src/components/ships/ShipTypeSelect.tsx
FN:21,ShipTypeSelect
FNF:1
FNH:1
FNDA:58,ShipTypeSelect
DA:1,1
DA:21,1
DA:22,58
DA:23,58
DA:24,58
DA:27,58
DA:28,58
DA:29,58
DA:30,58
DA:31,58
DA:33,58
DA:34,58
DA:36,58
DA:37,58
DA:38,58
DA:39,58
DA:40,58
DA:41,58
DA:42,58
DA:49,58
LF:20
LH:20
BRDA:21,0,0,58
BRF:1
BRH:1
end_of_record
TN:
SF:src/components/ships/useShipForm.ts
FN:6,useShipForm
FN:26,createShipParams
FN:61,validateForm
FN:75,handleShipTypeChange
FNF:4
FNH:4
FNDA:80,useShipForm
FNDA:19,createShipParams
FNDA:10,validateForm
FNDA:15,handleShipTypeChange
DA:1,1
DA:6,1
DA:7,80
DA:8,80
DA:9,80
DA:10,80
DA:11,80
DA:12,80
DA:13,80
DA:14,80
DA:15,80
DA:17,80
DA:18,80
DA:19,38
DA:20,4
DA:21,4
DA:22,4
DA:23,80
DA:25,80
DA:26,80
DA:27,19
DA:28,19
DA:29,19
DA:30,19
DA:31,19
DA:32,19
DA:33,19
DA:35,19
DA:36,19
DA:37,19
DA:38,15
DA:39,15
DA:40,15
DA:41,15
DA:42,15
DA:43,19
DA:44,2
DA:45,2
DA:46,2
DA:47,2
DA:48,2
DA:49,19
DA:50,1
DA:51,1
DA:52,1
DA:53,1
DA:54,19
DA:55,1
DA:56,19
DA:57,0
DA:58,19
DA:59,19
DA:61,80
DA:62,10
DA:63,10
DA:65,10
DA:66,6
DA:67,6
DA:68,6
DA:70,4
DA:71,4
DA:72,4
DA:74,80
DA:75,80
DA:76,15
DA:77,15
DA:78,15
DA:80,15
DA:81,15
DA:82,15
DA:83,2
DA:84,2
DA:85,2
DA:86,15
DA:87,7
DA:88,7
DA:89,7
DA:90,15
DA:91,3
DA:92,3
DA:93,15
DA:95,3
DA:96,15
DA:97,15
DA:99,80
DA:100,80
DA:101,80
DA:102,80
DA:103,80
DA:104,80
DA:105,80
DA:106,80
DA:107,80
DA:108,80
DA:109,80
DA:110,80
DA:111,80
DA:112,80
DA:113,80
DA:114,80
DA:115,80
DA:116,80
DA:117,80
DA:118,80
DA:119,80
DA:120,80
LF:106
LH:105
BRDA:6,0,0,80
BRDA:18,1,0,38
BRDA:19,2,0,4
BRDA:26,3,0,19
BRDA:37,4,0,15
BRDA:43,5,0,2
BRDA:49,6,0,1
BRDA:54,7,0,1
BRDA:56,8,0,0
BRDA:61,9,0,10
BRDA:65,10,0,6
BRDA:68,11,0,4
BRDA:75,12,0,15
BRDA:82,13,0,2
BRDA:86,14,0,7
BRDA:90,15,0,3
BRDA:93,16,0,3
BRF:17
BRH:16
end_of_record
TN:
SF:src/components/ships/__tests__/InitialPositionInputs.test.tsx
FNF:0
FNH:0
DA:1,1
DA:2,1
DA:3,1
DA:5,1
DA:6,1
DA:7,1
DA:9,1
DA:10,1
DA:11,1
DA:12,1
DA:13,1
DA:14,1
DA:15,1
DA:16,1
DA:18,1
DA:19,34
DA:20,34
DA:22,1
DA:23,1
DA:24,1
DA:26,1
DA:27,1
DA:29,1
DA:30,1
DA:32,1
DA:33,1
DA:35,1
DA:36,1
DA:38,1
DA:39,1
DA:40,1
DA:42,1
DA:43,1
DA:45,1
DA:46,1
DA:48,1
DA:49,1
DA:51,1
DA:52,1
DA:54,1
DA:55,1
DA:56,1
DA:58,1
DA:59,1
DA:61,1
DA:62,1
DA:63,1
DA:65,1
DA:66,1
DA:68,1
DA:69,1
DA:70,1
DA:72,1
DA:73,1
DA:75,1
DA:76,1
DA:77,1
DA:79,1
DA:80,1
DA:81,1
DA:82,1
DA:83,1
DA:87,1
DA:88,1
DA:90,1
DA:91,1
DA:92,1
DA:93,1
DA:94,1
DA:98,1
DA:99,1
DA:100,1
DA:102,1
DA:103,1
DA:104,1
DA:105,1
DA:106,1
DA:110,1
DA:111,1
DA:112,1
DA:114,1
DA:115,1
DA:117,1
DA:118,1
DA:119,1
DA:121,1
DA:122,1
DA:123,1
DA:125,1
DA:126,1
DA:128,1
DA:129,1
DA:131,1
DA:132,1
DA:134,1
DA:135,1
DA:137,1
DA:138,1
DA:139,1
DA:141,1
DA:142,1
DA:144,1
DA:145,1
DA:147,1
DA:148,1
DA:150,1
DA:151,1
DA:153,1
DA:154,1
DA:155,1
DA:157,1
DA:158,1
DA:160,1
DA:161,1
DA:162,1
DA:164,1
DA:165,1
DA:167,1
DA:168,1
DA:169,1
DA:171,1
DA:172,1
DA:173,1
DA:174,1
DA:175,1
DA:179,1
DA:180,1
DA:182,1
DA:183,1
DA:184,1
DA:185,1
DA:186,1
DA:190,1
DA:191,1
DA:192,1
DA:194,1
DA:195,1
DA:196,1
DA:197,1
DA:198,1
DA:202,1
DA:203,1
DA:204,1
DA:206,1
DA:207,1
DA:209,1
DA:210,1
DA:211,1
DA:213,1
DA:214,1
DA:215,1
DA:217,1
DA:218,1
DA:219,1
DA:221,1
DA:222,1
DA:223,1
DA:224,1
DA:225,1
DA:226,1
DA:227,1
DA:228,1
DA:232,1
DA:233,1
DA:234,1
DA:236,1
DA:237,1
DA:239,1
DA:240,1
DA:241,1
DA:243,1
DA:244,1
DA:246,1
DA:247,1
DA:248,1
DA:249,1
DA:251,1
DA:252,1
DA:253,1
DA:255,1
DA:256,1
DA:258,1
DA:259,1
DA:260,1
DA:262,1
DA:263,1
DA:265,1
DA:266,1
DA:267,1
DA:269,1
DA:270,1
DA:272,1
DA:273,1
DA:275,1
DA:276,1
DA:277,1
DA:279,1
DA:280,1
DA:282,1
DA:283,1
DA:284,1
DA:286,1
DA:287,1
DA:289,1
DA:290,1
DA:292,1
DA:293,1
DA:295,1
DA:296,1
DA:297,1
DA:298,1
DA:299,1
DA:300,1
DA:302,1
DA:303,1
DA:304,1
DA:306,1
DA:307,1
DA:308,1
DA:310,1
DA:311,1
DA:313,1
DA:314,1
DA:316,1
DA:317,1
DA:318,1
DA:319,1
DA:320,1
LF:228
LH:228
BRDA:5,0,0,1
BRDA:18,1,0,34
BRDA:22,2,0,1
BRDA:23,3,0,1
BRDA:29,4,0,1
BRDA:35,5,0,1
BRDA:42,6,0,1
BRDA:51,7,0,1
BRDA:58,8,0,1
BRDA:65,9,0,1
BRDA:72,10,0,1
BRDA:79,11,0,1
BRDA:90,12,0,1
BRDA:102,13,0,1
BRDA:114,14,0,1
BRDA:121,15,0,1
BRDA:122,16,0,1
BRDA:128,17,0,1
BRDA:134,18,0,1
BRDA:141,19,0,1
BRDA:150,20,0,1
BRDA:157,21,0,1
BRDA:164,22,0,1
BRDA:171,23,0,1
BRDA:182,24,0,1
BRDA:194,25,0,1
BRDA:206,26,0,1
BRDA:213,27,0,1
BRDA:214,28,0,1
BRDA:221,29,0,1
BRDA:236,30,0,1
BRDA:243,31,0,1
BRDA:251,32,0,1
BRDA:252,33,0,1
BRDA:262,34,0,1
BRDA:269,35,0,1
BRDA:279,36,0,1
BRDA:286,37,0,1
BRDA:302,38,0,1
BRDA:303,39,0,1
BRDA:310,40,0,1
BRF:41
BRH:41
end_of_record
TN:
SF:src/components/ships/__tests__/ShipSpecificInputs.test.tsx
FNF:0
FNH:0
DA:1,1
DA:2,1
DA:3,1
DA:6,1
DA:7,1
DA:8,1
DA:9,1
DA:10,1
DA:12,1
DA:13,1
DA:14,1
DA:15,1
DA:16,1
DA:17,1
DA:18,1
DA:19,1
DA:20,1
DA:21,1
DA:22,1
DA:23,1
DA:25,1
DA:26,37
DA:27,37
DA:29,1
DA:30,1
DA:31,1
DA:32,1
DA:35,1
DA:36,1
DA:38,1
DA:39,1
DA:41,1
DA:42,1
DA:43,1
DA:44,1
DA:45,1
DA:46,1
DA:48,1
DA:49,1
DA:51,1
DA:52,1
DA:54,1
DA:55,1
DA:57,1
DA:58,1
DA:60,1
DA:61,1
DA:63,1
DA:64,1
DA:66,1
DA:67,1
DA:69,1
DA:70,1
DA:72,1
DA:73,1
DA:75,1
DA:76,1
DA:78,1
DA:79,1
DA:80,1
DA:82,1
DA:83,1
DA:85,1
DA:86,1
DA:87,1
DA:89,1
DA:90,1
DA:92,1
DA:93,1
DA:95,1
DA:96,1
DA:98,1
DA:99,1
DA:101,1
DA:102,1
DA:104,1
DA:105,1
DA:107,1
DA:108,1
DA:109,1
DA:110,1
DA:111,1
DA:112,1
DA:116,1
DA:117,1
DA:119,1
DA:120,1
DA:121,1
DA:122,1
DA:123,1
DA:124,1
DA:128,1
DA:129,1
DA:131,1
DA:132,1
DA:134,1
DA:135,1
DA:136,1
DA:137,1
DA:139,1
DA:140,1
DA:142,1
DA:143,1
DA:145,1
DA:146,1
DA:148,1
DA:149,1
DA:151,1
DA:152,1
DA:154,1
DA:155,1
DA:157,1
DA:158,1
DA:160,1
DA:161,1
DA:163,1
DA:164,1
DA:166,1
DA:167,1
DA:169,1
DA:170,1
DA:171,1
DA:173,1
DA:174,1
DA:176,1
DA:177,1
DA:179,1
DA:180,1
DA:182,1
DA:183,1
DA:184,1
DA:185,1
DA:186,1
DA:187,1
DA:191,1
DA:192,1
DA:194,1
DA:195,1
DA:197,1
DA:198,1
DA:199,1
DA:201,1
DA:202,1
DA:204,1
DA:205,1
DA:206,1
DA:207,1
DA:209,1
DA:210,1
DA:212,1
DA:213,1
DA:215,1
DA:216,1
DA:218,1
DA:219,1
DA:221,1
DA:222,1
DA:224,1
DA:225,1
DA:227,1
DA:228,1
DA:230,1
DA:231,1
DA:233,1
DA:234,1
DA:236,1
DA:237,1
DA:239,1
DA:240,1
DA:241,1
DA:243,1
DA:244,1
DA:246,1
DA:247,1
DA:249,1
DA:250,1
DA:252,1
DA:253,1
DA:254,1
DA:255,1
DA:256,1
DA:257,1
DA:261,1
DA:262,1
DA:264,1
DA:265,1
DA:267,1
DA:268,1
DA:269,1
DA:271,1
DA:272,1
DA:273,1
DA:274,1
DA:275,1
DA:276,1
DA:277,1
DA:281,1
DA:282,1
DA:283,1
DA:285,1
DA:286,1
DA:287,1
DA:288,1
DA:289,1
DA:290,1
DA:294,1
DA:295,1
DA:296,1
DA:298,1
DA:299,1
DA:300,1
DA:301,1
DA:302,1
DA:303,1
DA:307,1
DA:308,1
DA:309,1
DA:311,1
DA:312,1
DA:313,1
DA:314,1
DA:315,1
DA:316,1
DA:320,1
DA:321,1
DA:322,1
DA:323,1
DA:325,1
DA:326,1
DA:327,1
DA:329,1
DA:330,1
DA:331,1
DA:333,1
DA:334,1
DA:336,1
DA:337,1
DA:338,1
DA:339,1
DA:341,1
DA:342,1
DA:344,1
DA:345,1
DA:346,1
DA:347,1
DA:348,1
LF:246
LH:246
BRDA:6,0,0,1
BRDA:25,1,0,37
BRDA:29,2,0,1
BRDA:30,3,0,1
BRDA:38,4,0,1
BRDA:48,5,0,1
BRDA:51,6,0,1
BRDA:57,7,0,1
BRDA:63,8,0,1
BRDA:69,9,0,1
BRDA:75,10,0,1
BRDA:82,11,0,1
BRDA:89,12,0,1
BRDA:98,13,0,1
BRDA:107,14,0,1
BRDA:119,15,0,1
BRDA:131,16,0,1
BRDA:139,17,0,1
BRDA:142,18,0,1
BRDA:148,19,0,1
BRDA:154,20,0,1
BRDA:160,21,0,1
BRDA:166,22,0,1
BRDA:173,23,0,1
BRDA:182,24,0,1
BRDA:194,25,0,1
BRDA:201,26,0,1
BRDA:209,27,0,1
BRDA:212,28,0,1
BRDA:218,29,0,1
BRDA:224,30,0,1
BRDA:230,31,0,1
BRDA:236,32,0,1
BRDA:243,33,0,1
BRDA:252,34,0,1
BRDA:264,35,0,1
BRDA:271,36,0,1
BRDA:272,37,0,1
BRDA:285,38,0,1
BRDA:298,39,0,1
BRDA:311,40,0,1
BRDA:325,41,0,1
BRDA:326,42,0,1
BRDA:333,43,0,1
BRDA:341,44,0,1
BRF:45
BRH:45
end_of_record
TN:
SF:src/components/ships/__tests__/ShipTypeSelect.test.tsx
FNF:0
FNH:0
DA:1,1
DA:2,1
DA:3,1
DA:6,1
DA:7,1
DA:9,1
DA:10,1
DA:11,1
DA:12,1
DA:13,1
DA:15,1
DA:16,21
DA:17,21
DA:19,1
DA:20,1
DA:21,1
DA:23,1
DA:24,1
DA:26,1
DA:27,1
DA:29,1
DA:30,1
DA:31,1
DA:33,1
DA:34,1
DA:36,1
DA:37,1
DA:38,1
DA:40,1
DA:41,1
DA:43,1
DA:44,1
DA:46,1
DA:47,1
DA:49,1
DA:50,1
DA:52,1
DA:53,1
DA:55,1
DA:56,1
DA:57,1
DA:59,1
DA:60,1
DA:61,1
DA:63,1
DA:64,1
DA:65,1
DA:67,1
DA:68,1
DA:70,1
DA:71,1
DA:72,1
DA:73,1
DA:75,1
DA:76,1
DA:77,1
DA:79,1
DA:80,1
DA:81,1
DA:83,1
DA:84,1
DA:86,1
DA:87,1
DA:88,1
DA:90,1
DA:91,1
DA:93,1
DA:94,1
DA:95,1
DA:96,1
DA:98,1
DA:99,1
DA:100,1
DA:102,1
DA:104,1
DA:106,1
DA:107,1
DA:109,1
DA:110,1
DA:112,1
DA:113,1
DA:114,1
DA:116,1
DA:117,1
DA:119,1
DA:121,1
DA:123,1
DA:124,1
DA:125,1
DA:127,1
DA:128,1
DA:129,1
DA:131,1
DA:132,1
DA:134,1
DA:135,1
DA:137,1
DA:138,1
DA:139,1
DA:141,1
DA:142,1
DA:144,1
DA:145,1
DA:146,1
DA:147,1
DA:149,1
DA:150,1
DA:151,1
DA:153,1
DA:154,1
DA:156,1
DA:157,1
DA:159,1
DA:160,1
DA:162,1
DA:163,1
DA:165,1
DA:166,1
DA:168,1
DA:169,1
DA:171,1
DA:172,1
DA:173,1
DA:174,1
LF:124
LH:124
BRDA:6,0,0,1
BRDA:15,1,0,21
BRDA:19,2,0,1
BRDA:20,3,0,1
BRDA:26,4,0,1
BRDA:33,5,0,1
BRDA:40,6,0,1
BRDA:46,7,0,1
BRDA:52,8,0,1
BRDA:59,9,0,1
BRDA:60,10,0,1
BRDA:67,11,0,1
BRDA:75,12,0,1
BRDA:76,13,0,1
BRDA:83,14,0,1
BRDA:90,15,0,1
BRDA:98,16,0,1
BRDA:99,17,0,1
BRDA:109,18,0,1
BRDA:116,19,0,1
BRDA:127,20,0,1
BRDA:128,21,0,1
BRDA:134,22,0,1
BRDA:141,23,0,1
BRDA:149,24,0,1
BRDA:150,25,0,1
BRDA:156,26,0,1
BRDA:162,27,0,1
BRDA:168,28,0,1
BRF:29
BRH:29
end_of_record
TN:
SF:src/components/ships/__tests__/useShipForm.test.ts
FN:373,__vi_import_0__.renderHook.initialProps.isOpen
FN:399,__vi_import_0__.renderHook.initialProps.isOpen
FN:420,__vi_import_0__.renderHook.initialProps.isOpen
FN:440,__vi_import_0__.renderHook.initialProps.isOpen
FNF:4
FNH:4
FNDA:4,__vi_import_0__.renderHook.initialProps.isOpen
FNDA:4,__vi_import_0__.renderHook.initialProps.isOpen
FNDA:4,__vi_import_0__.renderHook.initialProps.isOpen
FNDA:5,__vi_import_0__.renderHook.initialProps.isOpen
DA:1,1
DA:8,1
DA:9,1
DA:10,33
DA:12,33
DA:13,33
DA:14,33
DA:15,33
DA:16,33
DA:17,33
DA:19,1
DA:20,1
DA:21,1
DA:23,1
DA:24,1
DA:25,1
DA:26,1
DA:27,1
DA:28,1
DA:29,1
DA:30,1
DA:31,1
DA:32,1
DA:33,1
DA:35,1
DA:36,1
DA:37,1
DA:39,1
DA:40,1
DA:41,1
DA:43,1
DA:44,1
DA:46,1
DA:47,1
DA:49,1
DA:50,1
DA:51,1
DA:53,1
DA:54,1
DA:56,1
DA:57,1
DA:59,1
DA:60,1
DA:61,1
DA:63,1
DA:64,1
DA:66,1
DA:67,1
DA:69,1
DA:70,1
DA:71,1
DA:73,1
DA:74,1
DA:76,1
DA:77,1
DA:79,1
DA:80,1
DA:81,1
DA:83,1
DA:84,1
DA:86,1
DA:87,1
DA:89,1
DA:90,1
DA:91,1
DA:93,1
DA:94,1
DA:96,1
DA:97,1
DA:99,1
DA:100,1
DA:101,1
DA:103,1
DA:104,1
DA:105,1
DA:107,1
DA:108,1
DA:109,1
DA:111,1
DA:112,1
DA:113,1
DA:115,1
DA:116,1
DA:117,1
DA:118,1
DA:119,1
DA:121,1
DA:122,1
DA:124,1
DA:125,1
DA:126,1
DA:127,1
DA:129,1
DA:130,1
DA:131,1
DA:132,1
DA:134,1
DA:135,1
DA:136,1
DA:137,1
DA:138,1
DA:140,1
DA:141,1
DA:143,1
DA:144,1
DA:145,1
DA:147,1
DA:148,1
DA:149,1
DA:150,1
DA:152,1
DA:153,1
DA:155,1
DA:156,1
DA:157,1
DA:159,1
DA:160,1
DA:161,1
DA:163,1
DA:164,1
DA:166,1
DA:167,1
DA:168,1
DA:169,1
DA:170,1
DA:172,1
DA:173,1
DA:174,1
DA:176,1
DA:178,1
DA:179,1
DA:180,1
DA:181,1
DA:183,1
DA:184,1
DA:185,1
DA:187,1
DA:188,1
DA:189,1
DA:191,1
DA:192,1
DA:193,1
DA:194,1
DA:195,1
DA:196,1
DA:198,1
DA:200,1
DA:201,1
DA:202,1
DA:203,1
DA:204,1
DA:205,1
DA:206,1
DA:207,1
DA:208,1
DA:209,1
DA:211,1
DA:212,1
DA:214,1
DA:215,1
DA:216,1
DA:217,1
DA:218,1
DA:219,1
DA:220,1
DA:222,1
DA:224,1
DA:225,1
DA:226,1
DA:227,1
DA:228,1
DA:229,1
DA:230,1
DA:231,1
DA:232,1
DA:233,1
DA:235,1
DA:236,1
DA:238,1
DA:239,1
DA:240,1
DA:241,1
DA:242,1
DA:243,1
DA:245,1
DA:247,1
DA:248,1
DA:249,1
DA:250,1
DA:251,1
DA:252,1
DA:253,1
DA:254,1
DA:255,1
DA:257,1
DA:258,1
DA:260,1
DA:261,1
DA:262,1
DA:263,1
DA:264,1
DA:266,1
DA:268,1
DA:269,1
DA:270,1
DA:271,1
DA:272,1
DA:273,1
DA:274,1
DA:275,1
DA:276,1
DA:278,1
DA:279,1
DA:280,1
DA:282,1
DA:283,1
DA:284,1
DA:285,1
DA:287,1
DA:288,1
DA:289,1
DA:290,1
DA:292,1
DA:293,1
DA:294,1
DA:296,1
DA:297,1
DA:299,1
DA:300,1
DA:301,1
DA:302,1
DA:304,1
DA:305,1
DA:306,1
DA:307,1
DA:309,1
DA:310,1
DA:311,1
DA:312,1
DA:314,1
DA:315,1
DA:316,1
DA:318,1
DA:319,1
DA:321,1
DA:322,1
DA:323,1
DA:324,1
DA:326,1
DA:327,1
DA:328,1
DA:330,1
DA:331,1
DA:332,1
DA:333,1
DA:334,1
DA:335,1
DA:336,1
DA:337,1
DA:338,1
DA:339,1
DA:341,1
DA:342,1
DA:344,1
DA:345,1
DA:346,1
DA:347,1
DA:348,1
DA:350,1
DA:351,1
DA:352,1
DA:354,1
DA:356,1
DA:357,1
DA:358,1
DA:359,1
DA:360,1
DA:362,1
DA:363,1
DA:364,1
DA:366,1
DA:367,1
DA:368,1
DA:370,1
DA:371,1
DA:372,1
DA:373,1
DA:374,1
DA:377,1
DA:378,1
DA:379,1
DA:380,1
DA:381,1
DA:383,1
DA:384,1
DA:385,1
DA:387,1
DA:389,1
DA:390,1
DA:392,1
DA:393,1
DA:394,1
DA:395,1
DA:397,1
DA:398,1
DA:399,1
DA:400,1
DA:403,1
DA:404,1
DA:405,1
DA:406,1
DA:408,1
DA:410,1
DA:411,1
DA:413,1
DA:414,1
DA:415,1
DA:416,1
DA:418,1
DA:419,1
DA:420,1
DA:421,1
DA:424,1
DA:425,1
DA:426,1
DA:427,1
DA:428,1
DA:430,1
DA:431,1
DA:433,1
DA:434,1
DA:435,1
DA:436,1
DA:438,1
DA:439,1
DA:440,1
DA:441,1
DA:444,1
DA:445,1
DA:446,1
DA:448,1
DA:450,1
DA:451,1
DA:452,1
DA:454,1
DA:455,1
DA:456,1
DA:458,1
DA:459,1
DA:460,1
DA:462,1
DA:463,1
DA:464,1
DA:465,1
DA:466,1
DA:468,1
DA:470,1
DA:471,1
DA:472,1
DA:473,1
DA:475,1
DA:476,1
DA:478,1
DA:479,1
DA:480,1
DA:481,1
DA:482,1
DA:484,1
DA:486,1
DA:487,1
DA:488,1
DA:489,1
DA:491,1
DA:492,1
DA:494,1
DA:495,1
DA:496,1
DA:497,1
DA:498,1
DA:500,1
DA:502,1
DA:503,1
DA:504,1
DA:505,1
DA:507,1
DA:508,1
DA:510,1
DA:511,1
DA:512,1
DA:513,1
DA:514,1
DA:516,1
DA:518,1
DA:519,1
DA:520,1
DA:521,1
DA:523,1
DA:524,1
DA:526,1
DA:527,1
DA:528,1
DA:529,1
DA:530,1
DA:531,1
DA:533,1
DA:534,1
DA:535,1
DA:536,1
DA:538,1
DA:539,1
DA:541,1
DA:542,1
DA:543,1
DA:544,1
DA:545,1
DA:547,1
DA:548,1
DA:549,1
DA:551,1
DA:553,1
DA:554,1
DA:555,1
DA:556,1
DA:557,1
DA:559,1
DA:560,1
DA:561,1
DA:563,1
DA:565,1
DA:566,1
DA:567,1
DA:568,1
DA:569,1
DA:571,1
DA:572,1
DA:573,1
DA:575,1
DA:576,1
DA:577,1
DA:579,1
DA:580,1
DA:581,1
DA:583,1
DA:584,1
DA:585,1
DA:586,1
DA:587,1
DA:588,1
DA:590,1
DA:591,1
DA:592,1
DA:593,1
DA:594,1
DA:596,1
DA:597,1
DA:599,1
DA:600,1
DA:601,1
DA:602,1
DA:603,1
DA:605,1
DA:607,1
DA:608,1
DA:609,1
DA:610,1
DA:611,1
DA:612,1
DA:613,1
LF:468
LH:468
BRDA:8,0,0,1
BRDA:9,1,0,33
BRDA:19,2,0,1
BRDA:20,3,0,1
BRDA:21,4,0,1
BRDA:35,5,0,1
BRDA:36,6,0,1
BRDA:37,7,0,2
BRDA:39,8,0,1
BRDA:46,9,0,1
BRDA:47,10,0,2
BRDA:49,11,0,1
BRDA:56,12,0,1
BRDA:57,13,0,2
BRDA:59,14,0,1
BRDA:66,15,0,1
BRDA:67,16,0,2
BRDA:69,17,0,1
BRDA:76,18,0,1
BRDA:77,19,0,2
BRDA:79,20,0,1
BRDA:86,21,0,1
BRDA:87,22,0,2
BRDA:89,23,0,1
BRDA:96,24,0,1
BRDA:97,25,0,2
BRDA:99,26,0,1
BRDA:107,27,0,1
BRDA:108,28,0,1
BRDA:109,29,0,2
BRDA:111,30,0,1
BRDA:121,31,0,1
BRDA:122,32,0,3
BRDA:125,33,0,1
BRDA:130,34,0,1
BRDA:140,35,0,1
BRDA:141,36,0,2
BRDA:143,37,0,1
BRDA:152,38,0,1
BRDA:153,39,0,2
BRDA:155,40,0,1
BRDA:163,41,0,1
BRDA:164,42,0,3
BRDA:172,43,0,1
BRDA:179,44,0,1
BRDA:187,45,0,1
BRDA:188,46,0,1
BRDA:189,47,0,2
BRDA:191,48,0,1
BRDA:211,49,0,1
BRDA:212,50,0,2
BRDA:214,51,0,1
BRDA:235,52,0,1
BRDA:236,53,0,2
BRDA:238,54,0,1
BRDA:257,55,0,1
BRDA:258,56,0,2
BRDA:260,57,0,1
BRDA:278,58,0,1
BRDA:279,59,0,1
BRDA:280,60,0,2
BRDA:288,61,0,1
BRDA:296,62,0,1
BRDA:297,63,0,2
BRDA:310,64,0,1
BRDA:318,65,0,1
BRDA:319,66,0,3
BRDA:321,67,0,1
BRDA:326,68,0,1
BRDA:341,69,0,1
BRDA:342,70,0,3
BRDA:350,71,0,1
BRDA:362,72,0,1
BRDA:370,73,0,1
BRDA:371,74,0,1
BRDA:373,75,0,4
BRDA:383,76,0,1
BRDA:392,77,0,1
BRDA:397,78,0,1
BRDA:399,79,0,4
BRDA:404,80,0,1
BRDA:413,81,0,1
BRDA:418,82,0,1
BRDA:420,83,0,4
BRDA:425,84,0,1
BRDA:438,85,0,1
BRDA:440,86,0,5
BRDA:444,87,0,1
BRDA:458,88,0,1
BRDA:459,89,0,1
BRDA:460,90,0,2
BRDA:462,91,0,1
BRDA:475,92,0,1
BRDA:476,93,0,2
BRDA:478,94,0,1
BRDA:491,95,0,1
BRDA:492,96,0,2
BRDA:494,97,0,1
BRDA:507,98,0,1
BRDA:508,99,0,2
BRDA:510,100,0,1
BRDA:523,101,0,1
BRDA:524,102,0,2
BRDA:526,103,0,1
BRDA:538,104,0,1
BRDA:539,105,0,4
BRDA:547,106,0,1
BRDA:559,107,0,1
BRDA:571,108,0,1
BRDA:579,109,0,1
BRDA:580,110,0,1
BRDA:581,111,0,2
BRDA:583,112,0,1
BRDA:596,113,0,1
BRDA:597,114,0,2
BRDA:599,115,0,1
BRF:116
BRH:116
end_of_record
TN:
SF:src/components/ui/accordion.tsx
FN:1,(empty-report)
FNF:1
FNH:0
FNDA:0,(empty-report)
DA:1,0
DA:7,0
DA:9,0
DA:12,0
DA:13,0
DA:14,0
DA:15,0
DA:16,0
DA:19,0
DA:21,0
DA:24,0
DA:25,0
DA:26,0
DA:27,0
DA:28,0
DA:29,0
DA:30,0
DA:32,0
DA:34,0
DA:35,0
DA:39,0
DA:41,0
DA:44,0
DA:45,0
DA:46,0
DA:47,0
DA:48,0
DA:50,0
DA:54,0
LF:29
LH:0
BRDA:1,0,0,0
BRF:1
BRH:0
end_of_record
TN:
SF:src/components/ui/alert-dialog.tsx
FN:1,(empty-report)
FNF:1
FNH:0
FNDA:0,(empty-report)
DA:1,0
DA:7,0
DA:9,0
DA:11,0
DA:13,0
DA:16,0
DA:17,0
DA:18,0
DA:19,0
DA:20,0
DA:22,0
DA:23,0
DA:26,0
DA:28,0
DA:31,0
DA:32,0
DA:33,0
DA:34,0
DA:35,0
DA:36,0
DA:37,0
DA:38,0
DA:40,0
DA:44,0
DA:46,0
DA:47,0
DA:48,0
DA:49,0
DA:50,0
DA:51,0
DA:52,0
DA:53,0
DA:55,0
DA:58,0
DA:60,0
DA:61,0
DA:62,0
DA:63,0
DA:64,0
DA:65,0
DA:66,0
DA:67,0
DA:69,0
DA:72,0
DA:74,0
DA:77,0
DA:78,0
DA:79,0
DA:80,0
DA:81,0
DA:84,0
DA:86,0
DA:89,0
DA:90,0
DA:91,0
DA:92,0
DA:93,0
DA:96,0
DA:97,0
DA:99,0
DA:102,0
DA:103,0
DA:104,0
DA:105,0
DA:106,0
DA:109,0
DA:111,0
DA:114,0
DA:115,0
DA:116,0
DA:117,0
DA:118,0
DA:119,0
DA:120,0
DA:122,0
DA:125,0
LF:76
LH:0
BRDA:1,0,0,0
BRF:1
BRH:0
end_of_record
TN:
SF:src/components/ui/alert.tsx
FN:1,(empty-report)
FNF:1
FNH:0
FNDA:0,(empty-report)
DA:1,0
DA:6,0
DA:7,0
DA:8,0
DA:9,0
DA:10,0
DA:11,0
DA:12,0
DA:13,0
DA:14,0
DA:15,0
DA:16,0
DA:17,0
DA:18,0
DA:19,0
DA:22,0
DA:25,0
DA:26,0
DA:27,0
DA:28,0
DA:29,0
DA:30,0
DA:33,0
DA:35,0
DA:38,0
DA:39,0
DA:40,0
DA:41,0
DA:42,0
DA:45,0
DA:47,0
DA:50,0
DA:51,0
DA:52,0
DA:53,0
DA:54,0
DA:57,0
LF:37
LH:0
BRDA:1,0,0,0
BRF:1
BRH:0
end_of_record
TN:
SF:src/components/ui/aspect-ratio.tsx
FN:1,(empty-report)
FNF:1
FNH:0
FNDA:0,(empty-report)
DA:1,0
DA:3,0
LF:2
LH:0
BRDA:1,0,0,0
BRF:1
BRH:0
end_of_record
TN:
SF:src/components/ui/avatar.tsx
FN:1,(empty-report)
FNF:1
FNH:0
FNDA:0,(empty-report)
DA:1,0
DA:6,0
DA:9,0
DA:10,0
DA:11,0
DA:12,0
DA:13,0
DA:14,0
DA:16,0
DA:19,0
DA:21,0
DA:24,0
DA:25,0
DA:26,0
DA:27,0
DA:28,0
DA:31,0
DA:33,0
DA:36,0
DA:37,0
DA:38,0
DA:39,0
DA:40,0
DA:41,0
DA:43,0
DA:46,0
LF:26
LH:0
BRDA:1,0,0,0
BRF:1
BRH:0
end_of_record
TN:
SF:src/components/ui/badge.tsx
FN:1,(empty-report)
FNF:1
FNH:0
FNDA:0,(empty-report)
DA:1,0
DA:6,0
DA:7,0
DA:8,0
DA:9,0
DA:10,0
DA:11,0
DA:12,0
DA:13,0
DA:14,0
DA:15,0
DA:16,0
DA:17,0
DA:18,0
DA:19,0
DA:20,0
DA:21,0
DA:22,0
DA:23,0
DA:30,0
DA:31,0
DA:32,0
DA:34,0
LF:23
LH:0
BRDA:1,0,0,0
BRF:1
BRH:0
end_of_record
TN:
SF:src/components/ui/breadcrumb.tsx
FN:1,(empty-report)
FNF:1
FNH:0
FNDA:0,(empty-report)
DA:1,0
DA:7,0
DA:12,0
DA:13,0
DA:15,0
DA:18,0
DA:19,0
DA:20,0
DA:21,0
DA:22,0
DA:23,0
DA:25,0
DA:28,0
DA:30,0
DA:33,0
DA:34,0
DA:35,0
DA:36,0
DA:37,0
DA:40,0
DA:42,0
DA:47,0
DA:48,0
DA:50,0
DA:51,0
DA:52,0
DA:53,0
DA:54,0
DA:57,0
DA:58,0
DA:60,0
DA:63,0
DA:64,0
DA:65,0
DA:66,0
DA:67,0
DA:68,0
DA:69,0
DA:70,0
DA:73,0
DA:75,0
DA:76,0
DA:77,0
DA:78,0
DA:79,0
DA:80,0
DA:81,0
DA:82,0
DA:83,0
DA:84,0
DA:86,0
DA:89,0
DA:91,0
DA:92,0
DA:93,0
DA:94,0
DA:95,0
DA:96,0
DA:97,0
DA:98,0
DA:99,0
DA:101,0
DA:102,0
DA:105,0
LF:64
LH:0
BRDA:1,0,0,0
BRF:1
BRH:0
end_of_record
TN:
SF:src/components/ui/button.tsx
FNF:0
FNH:0
DA:1,1
DA:7,1
DA:8,1
DA:9,1
DA:10,1
DA:11,1
DA:12,1
DA:13,1
DA:14,1
DA:15,1
DA:16,1
DA:17,1
DA:18,1
DA:19,1
DA:20,1
DA:21,1
DA:22,1
DA:23,1
DA:24,1
DA:25,1
DA:26,1
DA:27,1
DA:28,1
DA:29,1
DA:30,1
DA:31,1
DA:32,1
DA:33,1
DA:42,1
DA:43,1
DA:44,493
DA:45,493
DA:46,493
DA:47,493
DA:48,493
DA:49,493
DA:52,493
DA:54,1
LF:38
LH:38
BRDA:43,0,0,493
BRDA:44,1,0,0
BRF:2
BRH:1
end_of_record
TN:
SF:src/components/ui/calendar.tsx
FN:1,(empty-report)
FNF:1
FNH:0
FNDA:0,(empty-report)
DA:1,0
DA:10,0
DA:11,0
DA:12,0
DA:13,0
DA:14,0
DA:15,0
DA:16,0
DA:17,0
DA:18,0
DA:19,0
DA:20,0
DA:21,0
DA:22,0
DA:23,0
DA:24,0
DA:25,0
DA:26,0
DA:27,0
DA:28,0
DA:30,0
DA:31,0
DA:32,0
DA:33,0
DA:34,0
DA:35,0
DA:36,0
DA:37,0
DA:38,0
DA:39,0
DA:40,0
DA:42,0
DA:43,0
DA:44,0
DA:45,0
DA:46,0
DA:47,0
DA:48,0
DA:49,0
DA:50,0
DA:51,0
DA:52,0
DA:53,0
DA:54,0
DA:55,0
DA:56,0
DA:57,0
DA:58,0
DA:61,0
DA:62,0
LF:50
LH:0
BRDA:1,0,0,0
BRF:1
BRH:0
end_of_record
TN:
SF:src/components/ui/card.tsx
FNF:0
FNH:0
DA:1,1
DA:5,1
DA:8,1
DA:9,1
DA:10,1
DA:11,1
DA:12,1
DA:13,1
DA:15,1
DA:18,1
DA:20,1
DA:23,1
DA:24,1
DA:25,1
DA:26,1
DA:27,1
DA:30,1
DA:32,1
DA:35,1
DA:36,1
DA:37,1
DA:38,1
DA:39,1
DA:40,1
DA:42,1
DA:45,1
DA:47,1
DA:50,1
DA:51,1
DA:52,1
DA:53,1
DA:54,1
DA:57,1
DA:59,1
DA:62,1
DA:63,1
DA:65,1
DA:67,1
DA:70,1
DA:71,1
DA:72,1
DA:73,1
DA:74,1
DA:77,1
LF:44
LH:44
BRF:0
BRH:0
end_of_record
TN:
SF:src/components/ui/carousel.tsx
FN:1,(empty-report)
FNF:1
FNH:0
FNDA:0,(empty-report)
DA:1,0
DA:31,0
DA:33,0
DA:34,0
DA:36,0
DA:37,0
DA:38,0
DA:40,0
DA:41,0
DA:43,0
DA:47,0
DA:48,0
DA:49,0
DA:50,0
DA:51,0
DA:52,0
DA:53,0
DA:54,0
DA:55,0
DA:56,0
DA:57,0
DA:59,0
DA:60,0
DA:61,0
DA:62,0
DA:63,0
DA:64,0
DA:66,0
DA:67,0
DA:69,0
DA:70,0
DA:71,0
DA:72,0
DA:74,0
DA:75,0
DA:76,0
DA:78,0
DA:79,0
DA:80,0
DA:82,0
DA:83,0
DA:84,0
DA:86,0
DA:87,0
DA:88,0
DA:89,0
DA:90,0
DA:91,0
DA:92,0
DA:93,0
DA:94,0
DA:95,0
DA:96,0
DA:99,0
DA:100,0
DA:101,0
DA:102,0
DA:104,0
DA:105,0
DA:107,0
DA:108,0
DA:109,0
DA:110,0
DA:112,0
DA:113,0
DA:114,0
DA:116,0
DA:117,0
DA:118,0
DA:119,0
DA:121,0
DA:122,0
DA:123,0
DA:124,0
DA:125,0
DA:126,0
DA:127,0
DA:128,0
DA:129,0
DA:130,0
DA:131,0
DA:132,0
DA:133,0
DA:135,0
DA:136,0
DA:137,0
DA:138,0
DA:139,0
DA:140,0
DA:141,0
DA:143,0
DA:147,0
DA:149,0
DA:151,0
DA:154,0
DA:155,0
DA:157,0
DA:158,0
DA:159,0
DA:160,0
DA:161,0
DA:162,0
DA:163,0
DA:164,0
DA:166,0
DA:170,0
DA:171,0
DA:173,0
DA:176,0
DA:177,0
DA:179,0
DA:180,0
DA:181,0
DA:182,0
DA:183,0
DA:184,0
DA:185,0
DA:186,0
DA:187,0
DA:189,0
DA:192,0
DA:193,0
DA:195,0
DA:198,0
DA:199,0
DA:201,0
DA:202,0
DA:203,0
DA:204,0
DA:205,0
DA:206,0
DA:207,0
DA:208,0
DA:209,0
DA:210,0
DA:211,0
DA:213,0
DA:214,0
DA:215,0
DA:217,0
DA:218,0
DA:221,0
DA:222,0
DA:224,0
DA:227,0
DA:228,0
DA:230,0
DA:231,0
DA:232,0
DA:233,0
DA:234,0
DA:235,0
DA:236,0
DA:237,0
DA:238,0
DA:239,0
DA:240,0
DA:242,0
DA:243,0
DA:244,0
DA:246,0
DA:247,0
DA:250,0
DA:251,0
LF:164
LH:0
BRDA:1,0,0,0
BRF:1
BRH:0
end_of_record
TN:
SF:src/components/ui/chart.tsx
FN:1,(empty-report)
FNF:1
FNH:0
FNDA:0,(empty-report)
DA:1,0
DA:6,0
DA:7,0
DA:23,0
DA:25,0
DA:26,0
DA:28,0
DA:29,0
DA:30,0
DA:32,0
DA:33,0
DA:35,0
DA:43,0
DA:44,0
DA:45,0
DA:47,0
DA:48,0
DA:49,0
DA:50,0
DA:51,0
DA:52,0
DA:53,0
DA:54,0
DA:56,0
DA:58,0
DA:59,0
DA:60,0
DA:65,0
DA:66,0
DA:68,0
DA:69,0
DA:70,0
DA:73,0
DA:74,0
DA:75,0
DA:77,0
DA:78,0
DA:79,0
DA:80,0
DA:81,0
DA:82,0
DA:83,0
DA:84,0
DA:85,0
DA:86,0
DA:87,0
DA:88,0
DA:89,0
DA:90,0
DA:91,0
DA:93,0
DA:95,0
DA:96,0
DA:99,0
DA:101,0
DA:103,0
DA:114,0
DA:115,0
DA:116,0
DA:117,0
DA:118,0
DA:119,0
DA:120,0
DA:121,0
DA:122,0
DA:123,0
DA:124,0
DA:125,0
DA:126,0
DA:127,0
DA:128,0
DA:129,0
DA:130,0
DA:132,0
DA:134,0
DA:135,0
DA:136,0
DA:137,0
DA:139,0
DA:140,0
DA:141,0
DA:142,0
DA:143,0
DA:144,0
DA:145,0
DA:147,0
DA:148,0
DA:149,0
DA:150,0
DA:153,0
DA:155,0
DA:156,0
DA:157,0
DA:159,0
DA:160,0
DA:161,0
DA:162,0
DA:163,0
DA:164,0
DA:165,0
DA:166,0
DA:167,0
DA:168,0
DA:170,0
DA:171,0
DA:172,0
DA:174,0
DA:176,0
DA:177,0
DA:178,0
DA:179,0
DA:180,0
DA:181,0
DA:184,0
DA:185,0
DA:186,0
DA:187,0
DA:188,0
DA:189,0
DA:191,0
DA:192,0
DA:193,0
DA:194,0
DA:195,0
DA:196,0
DA:199,0
DA:200,0
DA:202,0
DA:203,0
DA:204,0
DA:206,0
DA:207,0
DA:208,0
DA:209,0
DA:210,0
DA:211,0
DA:212,0
DA:213,0
DA:214,0
DA:215,0
DA:216,0
DA:218,0
DA:219,0
DA:220,0
DA:221,0
DA:222,0
DA:227,0
DA:228,0
DA:229,0
DA:230,0
DA:233,0
DA:234,0
DA:235,0
DA:236,0
DA:239,0
DA:240,0
DA:241,0
DA:249,0
DA:253,0
DA:255,0
DA:257,0
DA:259,0
DA:267,0
DA:268,0
DA:269,0
DA:271,0
DA:273,0
DA:274,0
DA:275,0
DA:277,0
DA:278,0
DA:279,0
DA:280,0
DA:281,0
DA:282,0
DA:283,0
DA:286,0
DA:287,0
DA:288,0
DA:290,0
DA:291,0
DA:292,0
DA:293,0
DA:294,0
DA:297,0
DA:298,0
DA:300,0
DA:301,0
DA:302,0
DA:303,0
DA:304,0
DA:307,0
DA:310,0
DA:313,0
DA:315,0
DA:317,0
DA:318,0
DA:319,0
DA:320,0
DA:321,0
DA:323,0
DA:324,0
DA:325,0
DA:327,0
DA:328,0
DA:329,0
DA:330,0
DA:331,0
DA:332,0
DA:334,0
DA:336,0
DA:337,0
DA:338,0
DA:339,0
DA:340,0
DA:341,0
DA:342,0
DA:343,0
DA:344,0
DA:345,0
DA:346,0
DA:347,0
DA:348,0
DA:349,0
DA:351,0
DA:352,0
DA:353,0
DA:354,0
LF:228
LH:0
BRDA:1,0,0,0
BRF:1
BRH:0
end_of_record
TN:
SF:src/components/ui/checkbox.tsx
FN:1,(empty-report)
FNF:1
FNH:0
FNDA:0,(empty-report)
DA:1,0
DA:7,0
DA:10,0
DA:11,0
DA:12,0
DA:13,0
DA:14,0
DA:15,0
DA:17,0
DA:19,0
DA:20,0
DA:22,0
DA:26,0
LF:13
LH:0
BRDA:1,0,0,0
BRF:1
BRH:0
end_of_record
TN:
SF:src/components/ui/collapsible.tsx
FN:1,(empty-report)
FNF:1
FNH:0
FNDA:0,(empty-report)
DA:1,0
DA:3,0
DA:5,0
DA:7,0
LF:4
LH:0
BRDA:1,0,0,0
BRF:1
BRH:0
end_of_record
TN:
SF:src/components/ui/command.tsx
FN:1,(empty-report)
FNF:1
FNH:0
FNDA:0,(empty-report)
DA:1,0
DA:9,0
DA:12,0
DA:13,0
DA:14,0
DA:15,0
DA:16,0
DA:17,0
DA:19,0
DA:22,0
DA:26,0
DA:27,0
DA:28,0
DA:29,0
DA:30,0
DA:31,0
DA:36,0
DA:38,0
DA:41,0
DA:42,0
DA:43,0
DA:44,0
DA:45,0
DA:46,0
DA:47,0
DA:48,0
DA:50,0
DA:55,0
DA:57,0
DA:60,0
DA:61,0
DA:62,0
DA:63,0
DA:64,0
DA:68,0
DA:70,0
DA:73,0
DA:74,0
DA:75,0
DA:76,0
DA:77,0
DA:81,0
DA:83,0
DA:86,0
DA:87,0
DA:88,0
DA:89,0
DA:90,0
DA:91,0
DA:93,0
DA:97,0
DA:99,0
DA:102,0
DA:103,0
DA:104,0
DA:105,0
DA:106,0
DA:109,0
DA:111,0
DA:114,0
DA:115,0
DA:116,0
DA:117,0
DA:118,0
DA:119,0
DA:121,0
DA:125,0
DA:127,0
DA:128,0
DA:129,0
DA:130,0
DA:131,0
DA:132,0
DA:133,0
DA:134,0
DA:135,0
DA:137,0
DA:140,0
DA:141,0
LF:79
LH:0
BRDA:1,0,0,0
BRF:1
BRH:0
end_of_record
TN:
SF:src/components/ui/context-menu.tsx
FN:1,(empty-report)
FNF:1
FNH:0
FNDA:0,(empty-report)
DA:1,0
DA:7,0
DA:9,0
DA:11,0
DA:13,0
DA:15,0
DA:17,0
DA:19,0
DA:24,0
DA:25,0
DA:26,0
DA:27,0
DA:28,0
DA:29,0
DA:30,0
DA:32,0
DA:34,0
DA:35,0
DA:38,0
DA:40,0
DA:43,0
DA:44,0
DA:45,0
DA:46,0
DA:47,0
DA:48,0
DA:50,0
DA:53,0
DA:55,0
DA:58,0
DA:59,0
DA:60,0
DA:61,0
DA:62,0
DA:63,0
DA:64,0
DA:66,0
DA:70,0
DA:72,0
DA:77,0
DA:78,0
DA:79,0
DA:80,0
DA:81,0
DA:82,0
DA:83,0
DA:85,0
DA:88,0
DA:90,0
DA:93,0
DA:94,0
DA:95,0
DA:96,0
DA:97,0
DA:98,0
DA:100,0
DA:101,0
DA:103,0
DA:104,0
DA:105,0
DA:108,0
DA:111,0
DA:112,0
DA:114,0
DA:117,0
DA:118,0
DA:119,0
DA:120,0
DA:121,0
DA:122,0
DA:124,0
DA:126,0
DA:127,0
DA:128,0
DA:131,0
DA:134,0
DA:136,0
DA:141,0
DA:142,0
DA:143,0
DA:144,0
DA:145,0
DA:146,0
DA:147,0
DA:149,0
DA:152,0
DA:154,0
DA:157,0
DA:158,0
DA:159,0
DA:160,0
DA:161,0
DA:164,0
DA:166,0
DA:167,0
DA:168,0
DA:169,0
DA:170,0
DA:171,0
DA:172,0
DA:173,0
DA:174,0
DA:176,0
DA:179,0
DA:180,0
LF:105
LH:0
BRDA:1,0,0,0
BRF:1
BRH:0
end_of_record
TN:
SF:src/components/ui/dialog.tsx
FNF:0
FNH:0
DA:1,1
DA:7,1
DA:9,1
DA:11,1
DA:13,1
DA:15,1
DA:18,1
DA:19,1
DA:20,1
DA:21,1
DA:22,1
DA:23,1
DA:25,1
DA:28,1
DA:30,1
DA:33,1
DA:34,1
DA:35,1
DA:36,1
DA:37,1
DA:38,1
DA:39,1
DA:40,1
DA:42,1
DA:44,1
DA:45,1
DA:46,1
DA:47,1
DA:52,1
DA:54,1
DA:55,1
DA:56,1
DA:57,1
DA:58,1
DA:59,1
DA:60,1
DA:61,1
DA:63,1
DA:66,1
DA:68,1
DA:69,1
DA:70,1
DA:71,1
DA:72,1
DA:73,1
DA:74,1
DA:75,1
DA:77,1
DA:80,1
DA:82,1
DA:85,1
DA:86,1
DA:87,1
DA:88,1
DA:89,1
DA:90,1
DA:92,1
DA:95,1
DA:97,1
DA:100,1
DA:101,1
DA:102,1
DA:103,1
DA:104,1
DA:107,1
LF:65
LH:65
BRF:0
BRH:0
end_of_record
TN:
SF:src/components/ui/drawer.tsx
FN:1,(empty-report)
FNF:1
FNH:0
FNDA:0,(empty-report)
DA:1,0
DA:6,0
DA:7,0
DA:8,0
DA:9,0
DA:10,0
DA:11,0
DA:12,0
DA:15,0
DA:17,0
DA:19,0
DA:21,0
DA:23,0
DA:26,0
DA:27,0
DA:28,0
DA:29,0
DA:30,0
DA:33,0
DA:35,0
DA:38,0
DA:39,0
DA:40,0
DA:41,0
DA:42,0
DA:43,0
DA:44,0
DA:45,0
DA:47,0
DA:49,0
DA:50,0
DA:54,0
DA:56,0
DA:57,0
DA:58,0
DA:59,0
DA:60,0
DA:61,0
DA:62,0
DA:65,0
DA:67,0
DA:68,0
DA:69,0
DA:70,0
DA:71,0
DA:72,0
DA:73,0
DA:76,0
DA:78,0
DA:81,0
DA:82,0
DA:83,0
DA:84,0
DA:85,0
DA:86,0
DA:88,0
DA:91,0
DA:93,0
DA:96,0
DA:97,0
DA:98,0
DA:99,0
DA:100,0
DA:103,0
LF:64
LH:0
BRDA:1,0,0,0
BRF:1
BRH:0
end_of_record
TN:
SF:src/components/ui/dropdown-menu.tsx
FN:1,(empty-report)
FNF:1
FNH:0
FNDA:0,(empty-report)
DA:1,0
DA:7,0
DA:9,0
DA:11,0
DA:13,0
DA:15,0
DA:17,0
DA:19,0
DA:24,0
DA:25,0
DA:26,0
DA:27,0
DA:28,0
DA:29,0
DA:30,0
DA:32,0
DA:34,0
DA:35,0
DA:38,0
DA:39,0
DA:41,0
DA:44,0
DA:45,0
DA:46,0
DA:47,0
DA:48,0
DA:49,0
DA:51,0
DA:54,0
DA:55,0
DA:57,0
DA:60,0
DA:61,0
DA:62,0
DA:63,0
DA:64,0
DA:65,0
DA:66,0
DA:67,0
DA:69,0
DA:73,0
DA:75,0
DA:80,0
DA:81,0
DA:82,0
DA:83,0
DA:84,0
DA:85,0
DA:86,0
DA:88,0
DA:91,0
DA:93,0
DA:96,0
DA:97,0
DA:98,0
DA:99,0
DA:100,0
DA:101,0
DA:103,0
DA:104,0
DA:106,0
DA:107,0
DA:108,0
DA:111,0
DA:114,0
DA:115,0
DA:117,0
DA:120,0
DA:121,0
DA:122,0
DA:123,0
DA:124,0
DA:125,0
DA:127,0
DA:129,0
DA:130,0
DA:131,0
DA:134,0
DA:137,0
DA:139,0
DA:144,0
DA:145,0
DA:146,0
DA:147,0
DA:148,0
DA:149,0
DA:150,0
DA:152,0
DA:155,0
DA:157,0
DA:160,0
DA:161,0
DA:162,0
DA:163,0
DA:164,0
DA:167,0
DA:169,0
DA:170,0
DA:171,0
DA:172,0
DA:173,0
DA:174,0
DA:175,0
DA:176,0
DA:179,0
DA:180,0
LF:106
LH:0
BRDA:1,0,0,0
BRF:1
BRH:0
end_of_record
TN:
SF:src/components/ui/form.tsx
FN:1,(empty-report)
FNF:1
FNH:0
FNDA:0,(empty-report)
DA:1,0
DA:16,0
DA:25,0
DA:26,0
DA:29,0
DA:32,0
DA:33,0
DA:34,0
DA:35,0
DA:36,0
DA:37,0
DA:40,0
DA:42,0
DA:43,0
DA:44,0
DA:45,0
DA:47,0
DA:49,0
DA:50,0
DA:51,0
DA:53,0
DA:55,0
DA:56,0
DA:57,0
DA:58,0
DA:59,0
DA:60,0
DA:61,0
DA:62,0
DA:63,0
DA:69,0
DA:70,0
DA:73,0
DA:76,0
DA:77,0
DA:79,0
DA:80,0
DA:81,0
DA:84,0
DA:85,0
DA:87,0
DA:90,0
DA:91,0
DA:93,0
DA:94,0
DA:95,0
DA:96,0
DA:97,0
DA:98,0
DA:101,0
DA:102,0
DA:104,0
DA:107,0
DA:108,0
DA:110,0
DA:111,0
DA:112,0
DA:113,0
DA:114,0
DA:115,0
DA:116,0
DA:117,0
DA:119,0
DA:120,0
DA:123,0
DA:124,0
DA:126,0
DA:129,0
DA:130,0
DA:132,0
DA:133,0
DA:134,0
DA:135,0
DA:136,0
DA:137,0
DA:140,0
DA:141,0
DA:143,0
DA:146,0
DA:147,0
DA:148,0
DA:150,0
DA:151,0
DA:152,0
DA:154,0
DA:155,0
DA:156,0
DA:157,0
DA:158,0
DA:159,0
DA:161,0
DA:164,0
DA:165,0
LF:93
LH:0
BRDA:1,0,0,0
BRF:1
BRH:0
end_of_record
TN:
SF:src/components/ui/hover-card.tsx
FN:1,(empty-report)
FNF:1
FNH:0
FNDA:0,(empty-report)
DA:1,0
DA:6,0
DA:8,0
DA:10,0
DA:13,0
DA:14,0
DA:15,0
DA:16,0
DA:17,0
DA:18,0
DA:19,0
DA:20,0
DA:22,0
DA:25,0
LF:14
LH:0
BRDA:1,0,0,0
BRF:1
BRH:0
end_of_record
TN:
SF:src/components/ui/input-otp.tsx
FN:1,(empty-report)
FNF:1
FNH:0
FNDA:0,(empty-report)
DA:1,0
DA:7,0
DA:10,0
DA:11,0
DA:12,0
DA:13,0
DA:14,0
DA:15,0
DA:17,0
DA:18,0
DA:21,0
DA:23,0
DA:26,0
DA:27,0
DA:29,0
DA:31,0
DA:34,0
DA:35,0
DA:36,0
DA:38,0
DA:39,0
DA:40,0
DA:41,0
DA:42,0
DA:43,0
DA:44,0
DA:46,0
DA:48,0
DA:49,0
DA:50,0
DA:51,0
DA:56,0
DA:57,0
DA:59,0
DA:62,0
DA:63,0
DA:64,0
DA:67,0
LF:38
LH:0
BRDA:1,0,0,0
BRF:1
BRH:0
end_of_record
TN:
SF:src/components/ui/input.tsx
FNF:0
FNH:0
DA:1,1
DA:5,1
DA:6,1
DA:7,430
DA:8,430
DA:9,430
DA:10,430
DA:11,430
DA:12,430
DA:14,430
DA:15,430
DA:18,430
DA:20,1
LF:13
LH:13
BRDA:6,0,0,430
BRF:1
BRH:1
end_of_record
TN:
SF:src/components/ui/label.tsx
FNF:0
FNH:0
DA:1,1
DA:7,1
DA:8,1
DA:11,1
DA:15,1
DA:16,1
DA:17,1
DA:18,1
DA:19,1
DA:22,1
LF:10
LH:10
BRF:0
BRH:0
end_of_record
TN:
SF:src/components/ui/menubar.tsx
FN:1,(empty-report)
FNF:1
FNH:0
FNDA:0,(empty-report)
DA:1,0
DA:7,0
DA:9,0
DA:11,0
DA:13,0
DA:15,0
DA:17,0
DA:20,0
DA:21,0
DA:22,0
DA:23,0
DA:24,0
DA:25,0
DA:27,0
DA:30,0
DA:32,0
DA:35,0
DA:36,0
DA:37,0
DA:38,0
DA:39,0
DA:40,0
DA:42,0
DA:45,0
DA:47,0
DA:52,0
DA:53,0
DA:54,0
DA:55,0
DA:56,0
DA:57,0
DA:58,0
DA:60,0
DA:62,0
DA:63,0
DA:66,0
DA:68,0
DA:71,0
DA:72,0
DA:73,0
DA:74,0
DA:75,0
DA:76,0
DA:78,0
DA:81,0
DA:83,0
DA:87,0
DA:88,0
DA:89,0
DA:91,0
DA:92,0
DA:93,0
DA:94,0
DA:95,0
DA:96,0
DA:97,0
DA:98,0
DA:99,0
DA:101,0
DA:106,0
DA:108,0
DA:113,0
DA:114,0
DA:115,0
DA:116,0
DA:117,0
DA:118,0
DA:119,0
DA:121,0
DA:124,0
DA:126,0
DA:129,0
DA:130,0
DA:131,0
DA:132,0
DA:133,0
DA:134,0
DA:136,0
DA:137,0
DA:139,0
DA:140,0
DA:141,0
DA:144,0
DA:147,0
DA:149,0
DA:152,0
DA:153,0
DA:154,0
DA:155,0
DA:156,0
DA:157,0
DA:159,0
DA:161,0
DA:162,0
DA:163,0
DA:166,0
DA:169,0
DA:171,0
DA:176,0
DA:177,0
DA:178,0
DA:179,0
DA:180,0
DA:181,0
DA:182,0
DA:184,0
DA:187,0
DA:189,0
DA:192,0
DA:193,0
DA:194,0
DA:195,0
DA:196,0
DA:199,0
DA:201,0
DA:202,0
DA:203,0
DA:204,0
DA:205,0
DA:206,0
DA:207,0
DA:208,0
DA:209,0
DA:211,0
DA:214,0
DA:215,0
LF:126
LH:0
BRDA:1,0,0,0
BRF:1
BRH:0
end_of_record
TN:
SF:src/components/ui/navigation-menu.tsx
FN:1,(empty-report)
FNF:1
FNH:0
FNDA:0,(empty-report)
DA:1,0
DA:8,0
DA:11,0
DA:12,0
DA:13,0
DA:14,0
DA:15,0
DA:16,0
DA:18,0
DA:20,0
DA:21,0
DA:24,0
DA:26,0
DA:29,0
DA:30,0
DA:31,0
DA:32,0
DA:33,0
DA:34,0
DA:36,0
DA:39,0
DA:41,0
DA:43,0
DA:44,0
DA:47,0
DA:50,0
DA:51,0
DA:52,0
DA:53,0
DA:54,0
DA:56,0
DA:57,0
DA:58,0
DA:59,0
DA:63,0
DA:65,0
DA:68,0
DA:69,0
DA:70,0
DA:71,0
DA:72,0
DA:73,0
DA:75,0
DA:78,0
DA:80,0
DA:82,0
DA:85,0
DA:86,0
DA:87,0
DA:88,0
DA:89,0
DA:90,0
DA:92,0
DA:93,0
DA:97,0
DA:98,0
DA:100,0
DA:103,0
DA:104,0
DA:105,0
DA:106,0
DA:107,0
DA:108,0
DA:110,0
DA:112,0
DA:115,0
DA:116,0
LF:67
LH:0
BRDA:1,0,0,0
BRF:1
BRH:0
end_of_record
TN:
SF:src/components/ui/pagination.tsx
FN:1,(empty-report)
FNF:1
FNH:0
FNDA:0,(empty-report)
DA:1,0
DA:7,0
DA:8,0
DA:9,0
DA:10,0
DA:11,0
DA:12,0
DA:15,0
DA:17,0
DA:20,0
DA:21,0
DA:22,0
DA:23,0
DA:24,0
DA:27,0
DA:29,0
DA:32,0
DA:33,0
DA:35,0
DA:42,0
DA:43,0
DA:44,0
DA:45,0
DA:46,0
DA:47,0
DA:48,0
DA:49,0
DA:50,0
DA:51,0
DA:52,0
DA:53,0
DA:54,0
DA:55,0
DA:57,0
DA:60,0
DA:62,0
DA:63,0
DA:64,0
DA:65,0
DA:66,0
DA:67,0
DA:68,0
DA:69,0
DA:70,0
DA:72,0
DA:73,0
DA:76,0
DA:78,0
DA:79,0
DA:80,0
DA:81,0
DA:82,0
DA:83,0
DA:84,0
DA:85,0
DA:86,0
DA:88,0
DA:89,0
DA:92,0
DA:94,0
DA:95,0
DA:96,0
DA:97,0
DA:98,0
DA:99,0
DA:100,0
DA:101,0
DA:103,0
DA:104,0
DA:107,0
LF:70
LH:0
BRDA:1,0,0,0
BRF:1
BRH:0
end_of_record
TN:
SF:src/components/ui/popover.tsx
FN:1,(empty-report)
FNF:1
FNH:0
FNDA:0,(empty-report)
DA:1,0
DA:6,0
DA:8,0
DA:10,0
DA:13,0
DA:14,0
DA:15,0
DA:16,0
DA:17,0
DA:18,0
DA:19,0
DA:20,0
DA:21,0
DA:23,0
DA:27,0
LF:15
LH:0
BRDA:1,0,0,0
BRF:1
BRH:0
end_of_record
TN:
SF:src/components/ui/progress.tsx
FN:1,(empty-report)
FNF:1
FNH:0
FNDA:0,(empty-report)
DA:1,0
DA:6,0
DA:9,0
DA:10,0
DA:11,0
DA:12,0
DA:13,0
DA:14,0
DA:16,0
DA:18,0
DA:19,0
DA:20,0
DA:24,0
LF:13
LH:0
BRDA:1,0,0,0
BRF:1
BRH:0
end_of_record
TN:
SF:src/components/ui/radio-group.tsx
FN:1,(empty-report)
FNF:1
FNH:0
FNDA:0,(empty-report)
DA:1,0
DA:7,0
DA:10,0
DA:11,0
DA:12,0
DA:13,0
DA:14,0
DA:15,0
DA:18,0
DA:19,0
DA:21,0
DA:24,0
DA:25,0
DA:26,0
DA:27,0
DA:28,0
DA:29,0
DA:30,0
DA:32,0
DA:34,0
DA:35,0
DA:39,0
DA:40,0
LF:23
LH:0
BRDA:1,0,0,0
BRF:1
BRH:0
end_of_record
TN:
SF:src/components/ui/resizable.tsx
FN:1,(empty-report)
FNF:1
FNH:0
FNDA:0,(empty-report)
DA:1,0
DA:6,0
DA:7,0
DA:8,0
DA:9,0
DA:10,0
DA:11,0
DA:12,0
DA:13,0
DA:15,0
DA:19,0
DA:21,0
DA:22,0
DA:23,0
DA:24,0
DA:27,0
DA:28,0
DA:29,0
DA:30,0
DA:31,0
DA:33,0
DA:35,0
DA:36,0
DA:37,0
LF:24
LH:0
BRDA:1,0,0,0
BRF:1
BRH:0
end_of_record
TN:
SF:src/components/ui/scroll-area.tsx
FN:1,(empty-report)
FNF:1
FNH:0
FNDA:0,(empty-report)
DA:1,0
DA:6,0
DA:9,0
DA:10,0
DA:11,0
DA:12,0
DA:13,0
DA:15,0
DA:16,0
DA:18,0
DA:19,0
DA:22,0
DA:24,0
DA:27,0
DA:28,0
DA:29,0
DA:30,0
DA:31,0
DA:32,0
DA:33,0
DA:34,0
DA:35,0
DA:36,0
DA:37,0
DA:39,0
DA:41,0
DA:44,0
LF:27
LH:0
BRDA:1,0,0,0
BRF:1
BRH:0
end_of_record
TN:
SF:src/components/ui/select.tsx
FNF:0
FNH:0
DA:1,1
DA:7,1
DA:9,1
DA:11,1
DA:13,1
DA:16,1
DA:17,1
DA:18,1
DA:19,1
DA:20,1
DA:21,1
DA:23,1
DA:25,1
DA:26,1
DA:27,1
DA:31,1
DA:33,1
DA:36,1
DA:37,1
DA:38,1
DA:39,1
DA:40,1
DA:41,1
DA:43,1
DA:45,1
DA:48,1
DA:50,1
DA:53,1
DA:54,1
DA:55,1
DA:56,1
DA:57,1
DA:58,1
DA:60,1
DA:62,1
DA:65,1
DA:66,1
DA:68,1
DA:71,1
DA:72,1
DA:73,1
DA:74,1
DA:75,1
DA:76,1
DA:77,1
DA:78,1
DA:79,1
DA:81,1
DA:82,1
DA:84,1
DA:85,1
DA:86,1
DA:87,1
DA:88,1
DA:89,1
DA:92,1
DA:94,1
DA:98,1
DA:100,1
DA:103,1
DA:104,1
DA:105,1
DA:106,1
DA:107,1
DA:110,1
DA:112,1
DA:115,1
DA:116,1
DA:117,1
DA:118,1
DA:119,1
DA:120,1
DA:122,1
DA:124,1
DA:125,1
DA:126,1
DA:130,1
DA:133,1
DA:135,1
DA:138,1
DA:139,1
DA:140,1
DA:141,1
DA:142,1
DA:145,1
LF:85
LH:85
BRF:0
BRH:0
end_of_record
TN:
SF:src/components/ui/separator.tsx
FN:1,(empty-report)
FNF:1
FNH:0
FNDA:0,(empty-report)
DA:1,0
DA:6,0
DA:10,0
DA:11,0
DA:12,0
DA:14,0
DA:15,0
DA:16,0
DA:17,0
DA:18,0
DA:19,0
DA:20,0
DA:21,0
DA:23,0
DA:27,0
LF:15
LH:0
BRDA:1,0,0,0
BRF:1
BRH:0
end_of_record
TN:
SF:src/components/ui/sheet.tsx
FN:1,(empty-report)
FNF:1
FNH:0
FNDA:0,(empty-report)
DA:1,0
DA:8,0
DA:10,0
DA:12,0
DA:14,0
DA:16,0
DA:19,0
DA:20,0
DA:21,0
DA:22,0
DA:23,0
DA:25,0
DA:26,0
DA:29,0
DA:31,0
DA:32,0
DA:33,0
DA:34,0
DA:35,0
DA:36,0
DA:37,0
DA:38,0
DA:39,0
DA:40,0
DA:41,0
DA:42,0
DA:43,0
DA:44,0
DA:45,0
DA:46,0
DA:47,0
DA:54,0
DA:57,0
DA:58,0
DA:59,0
DA:60,0
DA:61,0
DA:62,0
DA:63,0
DA:65,0
DA:66,0
DA:67,0
DA:68,0
DA:73,0
DA:75,0
DA:76,0
DA:77,0
DA:78,0
DA:79,0
DA:80,0
DA:81,0
DA:82,0
DA:84,0
DA:87,0
DA:89,0
DA:90,0
DA:91,0
DA:92,0
DA:93,0
DA:94,0
DA:95,0
DA:96,0
DA:98,0
DA:101,0
DA:103,0
DA:106,0
DA:107,0
DA:108,0
DA:109,0
DA:110,0
DA:113,0
DA:115,0
DA:118,0
DA:119,0
DA:120,0
DA:121,0
DA:122,0
DA:125,0
LF:78
LH:0
BRDA:1,0,0,0
BRF:1
BRH:0
end_of_record
TN:
SF:src/components/ui/sidebar.tsx
FN:1,(empty-report)
FNF:1
FNH:0
FNDA:0,(empty-report)
DA:1,0
DA:20,0
DA:21,0
DA:22,0
DA:23,0
DA:24,0
DA:25,0
DA:37,0
DA:39,0
DA:40,0
DA:41,0
DA:42,0
DA:43,0
DA:45,0
DA:46,0
DA:48,0
DA:56,0
DA:57,0
DA:58,0
DA:59,0
DA:60,0
DA:61,0
DA:62,0
DA:63,0
DA:64,0
DA:65,0
DA:66,0
DA:68,0
DA:69,0
DA:71,0
DA:72,0
DA:73,0
DA:74,0
DA:75,0
DA:76,0
DA:77,0
DA:78,0
DA:79,0
DA:80,0
DA:81,0
DA:82,0
DA:84,0
DA:85,0
DA:86,0
DA:87,0
DA:90,0
DA:91,0
DA:92,0
DA:93,0
DA:94,0
DA:95,0
DA:97,0
DA:98,0
DA:99,0
DA:100,0
DA:101,0
DA:102,0
DA:103,0
DA:104,0
DA:105,0
DA:106,0
DA:107,0
DA:109,0
DA:110,0
DA:111,0
DA:113,0
DA:114,0
DA:115,0
DA:117,0
DA:118,0
DA:119,0
DA:120,0
DA:121,0
DA:122,0
DA:123,0
DA:124,0
DA:125,0
DA:126,0
DA:127,0
DA:130,0
DA:131,0
DA:132,0
DA:133,0
DA:134,0
DA:135,0
DA:136,0
DA:137,0
DA:138,0
DA:139,0
DA:141,0
DA:142,0
DA:143,0
DA:145,0
DA:146,0
DA:148,0
DA:153,0
DA:155,0
DA:157,0
DA:165,0
DA:166,0
DA:167,0
DA:168,0
DA:169,0
DA:170,0
DA:171,0
DA:172,0
DA:173,0
DA:174,0
DA:176,0
DA:178,0
DA:179,0
DA:180,0
DA:181,0
DA:182,0
DA:183,0
DA:185,0
DA:186,0
DA:188,0
DA:191,0
DA:193,0
DA:194,0
DA:195,0
DA:196,0
DA:197,0
DA:198,0
DA:199,0
DA:200,0
DA:201,0
DA:202,0
DA:203,0
DA:205,0
DA:207,0
DA:211,0
DA:213,0
DA:214,0
DA:215,0
DA:216,0
DA:217,0
DA:218,0
DA:219,0
DA:220,0
DA:223,0
DA:224,0
DA:225,0
DA:226,0
DA:227,0
DA:228,0
DA:229,0
DA:230,0
DA:233,0
DA:234,0
DA:235,0
DA:236,0
DA:237,0
DA:238,0
DA:239,0
DA:240,0
DA:241,0
DA:242,0
DA:243,0
DA:245,0
DA:247,0
DA:248,0
DA:249,0
DA:251,0
DA:256,0
DA:258,0
DA:260,0
DA:263,0
DA:264,0
DA:266,0
DA:267,0
DA:268,0
DA:269,0
DA:270,0
DA:271,0
DA:272,0
DA:273,0
DA:274,0
DA:275,0
DA:276,0
DA:277,0
DA:279,0
DA:280,0
DA:283,0
DA:284,0
DA:286,0
DA:289,0
DA:290,0
DA:292,0
DA:293,0
DA:294,0
DA:295,0
DA:296,0
DA:297,0
DA:298,0
DA:299,0
DA:300,0
DA:301,0
DA:302,0
DA:303,0
DA:304,0
DA:305,0
DA:306,0
DA:307,0
DA:309,0
DA:312,0
DA:313,0
DA:315,0
DA:318,0
DA:319,0
DA:320,0
DA:321,0
DA:322,0
DA:323,0
DA:324,0
DA:325,0
DA:327,0
DA:330,0
DA:331,0
DA:333,0
DA:336,0
DA:337,0
DA:338,0
DA:339,0
DA:340,0
DA:341,0
DA:342,0
DA:343,0
DA:345,0
DA:348,0
DA:349,0
DA:351,0
DA:354,0
DA:355,0
DA:356,0
DA:357,0
DA:358,0
DA:359,0
DA:360,0
DA:363,0
DA:364,0
DA:366,0
DA:369,0
DA:370,0
DA:371,0
DA:372,0
DA:373,0
DA:374,0
DA:375,0
DA:378,0
DA:379,0
DA:381,0
DA:384,0
DA:385,0
DA:386,0
DA:387,0
DA:388,0
DA:389,0
DA:390,0
DA:393,0
DA:394,0
DA:396,0
DA:399,0
DA:400,0
DA:401,0
DA:402,0
DA:403,0
DA:404,0
DA:405,0
DA:406,0
DA:408,0
DA:411,0
DA:412,0
DA:414,0
DA:417,0
DA:418,0
DA:419,0
DA:420,0
DA:421,0
DA:422,0
DA:423,0
DA:426,0
DA:427,0
DA:429,0
DA:432,0
DA:433,0
DA:435,0
DA:436,0
DA:437,0
DA:438,0
DA:439,0
DA:440,0
DA:441,0
DA:442,0
DA:444,0
DA:447,0
DA:448,0
DA:450,0
DA:453,0
DA:454,0
DA:456,0
DA:457,0
DA:458,0
DA:459,0
DA:460,0
DA:461,0
DA:462,0
DA:463,0
DA:464,0
DA:465,0
DA:467,0
DA:470,0
DA:471,0
DA:473,0
DA:476,0
DA:477,0
DA:478,0
DA:479,0
DA:480,0
DA:481,0
DA:484,0
DA:486,0
DA:489,0
DA:490,0
DA:491,0
DA:492,0
DA:493,0
DA:494,0
DA:497,0
DA:499,0
DA:502,0
DA:503,0
DA:504,0
DA:505,0
DA:506,0
DA:507,0
DA:510,0
DA:512,0
DA:513,0
DA:514,0
DA:515,0
DA:516,0
DA:517,0
DA:518,0
DA:519,0
DA:520,0
DA:521,0
DA:522,0
DA:523,0
DA:524,0
DA:525,0
DA:526,0
DA:527,0
DA:528,0
DA:529,0
DA:530,0
DA:531,0
DA:534,0
DA:542,0
DA:543,0
DA:544,0
DA:545,0
DA:546,0
DA:547,0
DA:548,0
DA:549,0
DA:550,0
DA:551,0
DA:552,0
DA:554,0
DA:555,0
DA:557,0
DA:558,0
DA:559,0
DA:560,0
DA:561,0
DA:562,0
DA:563,0
DA:564,0
DA:568,0
DA:569,0
DA:570,0
DA:572,0
DA:573,0
DA:574,0
DA:575,0
DA:576,0
DA:578,0
DA:579,0
DA:580,0
DA:581,0
DA:582,0
DA:583,0
DA:584,0
DA:585,0
DA:589,0
DA:591,0
DA:593,0
DA:599,0
DA:600,0
DA:602,0
DA:603,0
DA:604,0
DA:605,0
DA:606,0
DA:607,0
DA:608,0
DA:609,0
DA:610,0
DA:611,0
DA:612,0
DA:613,0
DA:614,0
DA:615,0
DA:616,0
DA:618,0
DA:621,0
DA:622,0
DA:624,0
DA:627,0
DA:628,0
DA:629,0
DA:630,0
DA:631,0
DA:632,0
DA:633,0
DA:634,0
DA:635,0
DA:636,0
DA:637,0
DA:638,0
DA:640,0
DA:643,0
DA:645,0
DA:650,0
DA:651,0
DA:652,0
DA:653,0
DA:654,0
[...]
DA:319,1
DA:320,1
DA:322,1
DA:323,1
DA:324,1
DA:325,1
DA:326,1
DA:327,1
DA:328,1
DA:330,1
DA:332,1
DA:334,1
DA:335,1
DA:337,1
DA:338,1
DA:340,1
DA:341,1
DA:342,1
DA:343,1
DA:344,1
LF:241
LH:241
BRDA:11,0,0,1
BRDA:19,1,0,19
BRDA:23,2,0,19
BRDA:27,3,0,1
BRDA:28,4,0,1
BRDA:31,5,0,2
BRDA:35,6,0,2
BRDA:47,7,0,1
BRDA:50,8,0,2
BRDA:52,9,0,2
BRDA:62,10,0,1
BRDA:65,11,0,1
BRDA:70,12,0,1
BRDA:73,13,0,2
BRDA:75,14,0,2
BRDA:80,15,0,1
BRDA:89,16,0,2
BRDA:91,17,0,2
BRDA:98,18,0,1
BRDA:107,19,0,2
BRDA:109,20,0,2
BRDA:116,21,0,1
BRDA:119,22,0,2
BRDA:121,23,0,2
BRDA:130,24,0,1
BRDA:131,25,0,1
BRDA:134,26,0,2
BRDA:136,27,0,2
BRDA:144,28,0,1
BRDA:147,29,0,2
BRDA:149,30,0,2
BRDA:156,31,0,1
BRDA:159,32,0,2
BRDA:161,33,0,2
BRDA:169,34,0,1
BRDA:175,35,0,2
BRDA:177,36,0,2
BRDA:185,37,0,1
BRDA:186,38,0,1
BRDA:189,39,0,3
BRDA:191,40,0,2
BRDA:198,41,0,2
BRDA:203,42,0,1
BRDA:206,43,0,3
BRDA:208,44,0,2
BRDA:214,45,0,2
BRDA:219,46,0,1
BRDA:222,47,0,2
BRDA:224,48,0,2
BRDA:233,49,0,1
BRDA:236,50,0,3
BRDA:238,51,0,2
BRDA:249,52,0,2
BRDA:260,53,0,1
BRDA:263,54,0,3
BRDA:265,55,0,2
BRDA:271,56,0,2
BRDA:278,57,0,1
BRDA:281,58,0,3
BRDA:283,59,0,2
BRDA:289,60,0,2
BRDA:295,61,0,1
BRDA:296,62,0,1
BRDA:300,63,0,5
BRDA:304,64,0,2
BRDA:314,65,0,1
BRDA:322,66,0,1
BRDA:323,67,0,1
BRDA:324,68,0,1
BRDA:325,69,0,1
BRDA:326,70,0,1
BRDA:330,71,0,1
BRDA:338,72,0,1
BRF:73
BRH:73
end_of_record
TN:
SF:src/hooks/__tests__/useRadarWebSocket.test.ts
FN:40,close
FN:44,send
FN:51,reset
FN:28,MockWebSocket
FN:90,__vi_import_0__.waitFor.timeout
FN:98,__vi_import_0__.waitFor.timeout
FN:111,__vi_import_0__.waitFor.timeout
FN:121,__vi_import_0__.waitFor.timeout
FN:132,__vi_import_0__.waitFor.timeout
FN:144,__vi_import_0__.waitFor.timeout
FN:155,__vi_import_0__.waitFor.timeout
FN:166,__vi_import_0__.waitFor.timeout
FN:178,__vi_import_0__.waitFor.timeout
FN:188,__vi_import_0__.waitFor.timeout
FN:199,__vi_import_0__.waitFor.timeout
FN:207,__vi_import_0__.waitFor.timeout
FN:219,__vi_import_0__.waitFor.timeout
FN:255,__vi_import_0__.waitFor.timeout
FN:268,__vi_import_0__.waitFor.timeout
FN:276,__vi_import_0__.waitFor.timeout
FN:298,__vi_import_0__.waitFor.timeout
FN:314,__vi_import_0__.renderHook.initialProps.url
FN:318,__vi_import_0__.waitFor.timeout
FN:327,__vi_import_0__.waitFor.timeout
FN:339,__vi_import_0__.waitFor.timeout
FN:353,__vi_import_0__.waitFor.timeout
FN:361,__vi_import_0__.waitFor.timeout
FN:374,__vi_import_0__.waitFor.timeout
FNF:28
FNH:27
FNDA:19,close
FNDA:0,send
FNDA:15,reset
FNDA:19,MockWebSocket
FNDA:2,__vi_import_0__.waitFor.timeout
FNDA:2,__vi_import_0__.waitFor.timeout
FNDA:2,__vi_import_0__.waitFor.timeout
FNDA:2,__vi_import_0__.waitFor.timeout
FNDA:2,__vi_import_0__.waitFor.timeout
FNDA:2,__vi_import_0__.waitFor.timeout
FNDA:2,__vi_import_0__.waitFor.timeout
FNDA:2,__vi_import_0__.waitFor.timeout
FNDA:2,__vi_import_0__.waitFor.timeout
FNDA:2,__vi_import_0__.waitFor.timeout
FNDA:2,__vi_import_0__.waitFor.timeout
FNDA:2,__vi_import_0__.waitFor.timeout
FNDA:2,__vi_import_0__.waitFor.timeout
FNDA:1,__vi_import_0__.waitFor.timeout
FNDA:1,__vi_import_0__.waitFor.timeout
FNDA:1,__vi_import_0__.waitFor.timeout
FNDA:1,__vi_import_0__.waitFor.timeout
FNDA:3,__vi_import_0__.renderHook.initialProps.url
FNDA:1,__vi_import_0__.waitFor.timeout
FNDA:1,__vi_import_0__.waitFor.timeout
FNDA:2,__vi_import_0__.waitFor.timeout
FNDA:2,__vi_import_0__.waitFor.timeout
FNDA:2,__vi_import_0__.waitFor.timeout
FNDA:2,__vi_import_0__.waitFor.timeout
DA:1,1
DA:6,1
DA:14,1
DA:15,1
DA:16,1
DA:17,1
DA:18,1
DA:19,1
DA:21,1
DA:22,1
DA:23,1
DA:24,1
DA:25,1
DA:26,1
DA:28,1
DA:29,19
DA:30,19
DA:31,19
DA:32,19
DA:33,19
DA:34,19
DA:35,19
DA:36,19
DA:37,19
DA:38,19
DA:40,1
DA:41,19
DA:42,19
DA:44,1
DA:45,0
DA:46,0
DA:48,1
DA:49,1
DA:51,1
DA:52,15
DA:53,15
DA:54,1
DA:56,1
DA:57,1
DA:59,1
DA:60,1
DA:61,15
DA:62,15
DA:63,15
DA:65,1
DA:66,15
DA:67,15
DA:69,1
DA:70,1
DA:71,1
DA:73,1
DA:74,1
DA:75,1
DA:76,1
DA:77,1
DA:78,1
DA:80,1
DA:81,1
DA:83,1
DA:84,1
DA:85,1
DA:87,1
DA:88,1
DA:90,1
DA:91,2
DA:92,1
DA:93,1
DA:95,1
DA:96,1
DA:98,1
DA:99,2
DA:100,1
DA:101,1
DA:102,1
DA:104,1
DA:105,1
DA:107,1
DA:108,1
DA:110,1
DA:111,1
DA:112,2
DA:113,1
DA:115,1
DA:116,1
DA:117,1
DA:118,1
DA:119,1
DA:121,1
DA:122,2
DA:123,1
DA:125,1
DA:126,1
DA:127,1
DA:129,1
DA:130,1
DA:132,1
DA:133,2
DA:134,1
DA:136,1
DA:137,1
DA:139,1
DA:140,1
DA:141,1
DA:142,1
DA:144,1
DA:145,2
DA:146,1
DA:148,1
DA:149,1
DA:150,1
DA:152,1
DA:153,1
DA:155,1
DA:156,2
DA:157,1
DA:159,1
DA:161,1
DA:162,1
DA:163,1
DA:164,1
DA:166,1
DA:167,2
DA:168,1
DA:170,1
DA:172,1
DA:173,1
DA:174,1
DA:175,1
DA:176,1
DA:178,1
DA:179,2
DA:180,1
DA:182,1
DA:183,1
DA:185,1
DA:186,1
DA:188,1
DA:189,2
DA:190,1
DA:192,1
DA:194,1
DA:195,1
DA:196,1
DA:197,1
DA:199,1
DA:200,2
DA:201,1
DA:202,1
DA:204,1
DA:205,1
DA:207,1
DA:208,2
DA:209,1
DA:211,1
DA:213,1
DA:214,1
DA:215,1
DA:216,1
DA:218,1
DA:219,1
DA:220,2
DA:221,1
DA:223,1
DA:224,1
DA:225,1
DA:226,1
DA:228,1
DA:229,1
DA:230,1
DA:231,1
DA:232,0
DA:234,0
DA:235,0
DA:236,0
DA:238,0
DA:239,0
DA:241,0
DA:242,0
DA:243,0
DA:244,0
DA:245,0
DA:247,0
DA:248,0
DA:249,0
DA:250,0
DA:252,1
DA:253,1
DA:255,1
DA:256,1
DA:257,1
DA:258,1
DA:260,1
DA:262,1
DA:263,1
DA:264,1
DA:265,1
DA:266,1
DA:268,1
DA:269,1
DA:270,1
DA:271,1
DA:273,1
DA:274,1
DA:276,1
DA:277,1
DA:278,1
DA:279,1
DA:281,1
DA:283,1
DA:284,1
DA:285,1
DA:286,1
DA:287,1
DA:289,1
DA:290,1
DA:291,1
DA:292,1
DA:294,1
DA:295,1
DA:296,1
DA:298,1
DA:299,1
DA:300,1
DA:302,1
DA:303,1
DA:305,1
DA:307,1
DA:308,1
DA:309,1
DA:311,1
DA:312,1
DA:313,1
DA:314,1
DA:315,1
DA:318,1
DA:319,1
DA:320,1
DA:322,1
DA:324,1
DA:325,1
DA:327,1
DA:328,1
DA:329,1
DA:331,1
DA:332,1
DA:333,1
DA:335,1
DA:336,1
DA:337,1
DA:339,1
DA:340,2
DA:341,1
DA:343,1
DA:344,1
DA:345,100
DA:346,1
DA:348,1
DA:349,1
DA:350,1
DA:351,1
DA:353,1
DA:354,2
DA:355,1
DA:356,1
DA:358,1
DA:359,1
DA:361,1
DA:362,2
DA:363,1
DA:365,1
DA:366,1
DA:367,1
DA:369,1
DA:370,1
DA:371,1
DA:372,1
DA:374,1
DA:375,2
DA:376,1
DA:378,1
DA:379,1
DA:380,1
DA:381,1
DA:382,1
DA:383,1
DA:384,1
DA:385,1
LF:287
LH:270
BRDA:40,0,0,19
BRDA:51,1,0,15
BRDA:28,2,0,19
BRDA:32,3,0,19
BRDA:59,4,0,1
BRDA:60,5,0,15
BRDA:65,6,0,15
BRDA:69,7,0,1
BRDA:70,8,0,1
BRDA:71,9,0,1
BRDA:80,10,0,1
BRDA:81,11,0,1
BRDA:87,12,0,1
BRDA:88,13,0,3
BRDA:90,14,0,2
BRDA:95,15,0,1
BRDA:96,16,0,3
BRDA:98,17,0,2
BRDA:104,18,0,1
BRDA:107,19,0,1
BRDA:108,20,0,6
BRDA:111,21,0,2
BRDA:121,22,0,2
BRDA:129,23,0,1
BRDA:130,24,0,6
BRDA:132,25,0,2
BRDA:144,26,0,2
BRDA:152,27,0,1
BRDA:153,28,0,8
BRDA:155,29,0,2
BRDA:166,30,0,2
BRDA:178,31,0,2
BRDA:185,32,0,1
BRDA:186,33,0,6
BRDA:188,34,0,2
BRDA:199,35,0,2
BRDA:204,36,0,1
BRDA:205,37,0,6
BRDA:207,38,0,2
BRDA:219,39,0,2
BRDA:228,40,0,1
BRDA:252,41,0,1
BRDA:253,42,0,3
BRDA:255,43,0,1
BRDA:268,44,0,1
BRDA:273,45,0,1
BRDA:274,46,0,6
BRDA:276,47,0,1
BRDA:289,48,0,1
BRDA:294,49,0,1
BRDA:295,50,0,1
BRDA:296,51,0,1
BRDA:298,52,0,1
BRDA:311,53,0,1
BRDA:312,54,0,1
BRDA:314,55,0,3
BRDA:318,56,0,1
BRDA:327,57,0,1
BRDA:335,58,0,1
BRDA:336,59,0,1
BRDA:337,60,0,6
BRDA:339,61,0,2
BRDA:344,62,0,100
BRDA:353,63,0,2
BRDA:358,64,0,1
BRDA:359,65,0,6
BRDA:361,66,0,2
BRDA:374,67,0,2
BRDA:379,68,0,3
BRF:69
BRH:69
end_of_record
TN:
SF:src/lib/utils.ts
FN:4,cn
FNF:1
FNH:1
FNDA:3748,cn
DA:1,1
DA:4,1
DA:5,3748
DA:6,3748
LF:4
LH:4
BRDA:4,0,0,3748
BRF:1
BRH:1
end_of_record
TN:
SF:src/pages/Index.tsx
FN:1,(empty-report)
FNF:1
FNH:0
FNDA:0,(empty-report)
DA:1,0
DA:3,0
DA:4,0
DA:5,0
DA:6,0
DA:7,0
DA:8,0
DA:12,0
DA:14,0
LF:9
LH:0
BRDA:1,0,0,0
BRF:1
BRH:0
end_of_record
TN:
SF:src/pages/NotFound.tsx
FN:1,(empty-report)
FNF:1
FNH:0
FNDA:0,(empty-report)
DA:1,0
DA:2,0
DA:4,0
DA:5,0
DA:7,0
DA:8,0
DA:9,0
DA:10,0
DA:12,0
DA:14,0
DA:15,0
DA:16,0
DA:17,0
DA:18,0
DA:19,0
DA:25,0
DA:27,0
LF:17
LH:0
BRDA:1,0,0,0
BRF:1
BRH:0
end_of_record
TN:
SF:src/pages/RadarPage.tsx
FN:1,(empty-report)
FNF:1
FNH:0
FNDA:0,(empty-report)
DA:1,0
DA:2,0
DA:3,0
DA:4,0
DA:5,0
DA:6,0
DA:7,0
DA:8,0
DA:11,0
DA:12,0
DA:13,0
DA:14,0
DA:15,0
DA:16,0
DA:17,0
DA:19,0
DA:20,0
DA:21,0
DA:22,0
DA:23,0
DA:24,0
DA:26,0
DA:27,0
DA:28,0
DA:29,0
DA:30,0
DA:31,0
DA:32,0
DA:35,0
DA:36,0
DA:37,0
DA:38,0
DA:39,0
DA:40,0
DA:43,0
DA:44,0
DA:48,0
DA:49,0
DA:54,0
DA:55,0
DA:61,0
DA:63,0
LF:42
LH:0
BRDA:1,0,0,0
BRF:1
BRH:0
end_of_record
TN:
SF:src/types/radar.ts
FN:1,(empty-report)
FNF:1
FNH:1
FNDA:1,(empty-report)
DA:66,0
LF:1
LH:0
BRDA:1,0,0,1
BRF:1
BRH:1
end_of_record
TN:
SF:src/utils/radarDataParser.ts
FN:9,parseCSVTrack
FNF:1
FNH:1
FNDA:134,parseCSVTrack
DA:4,1
DA:8,1
DA:9,1
DA:10,134
DA:11,134
DA:12,134
DA:13,134
DA:14,134
DA:15,134
DA:17,134
DA:18,134
DA:19,134
DA:20,134
DA:21,134
DA:22,134
DA:23,134
DA:24,134
DA:25,134
DA:28,134
DA:29,134
DA:30,134
DA:31,134
DA:32,134
DA:33,134
DA:34,134
DA:35,134
DA:36,134
DA:37,134
DA:38,134
DA:39,134
DA:40,134
DA:41,134
DA:42,134
DA:43,134
DA:44,134
DA:45,0
DA:46,0
DA:47,0
DA:48,134
LF:39
LH:36
BRDA:9,0,0,134
BRDA:41,1,0,129
BRDA:42,2,0,130
BRDA:42,3,0,4
BRDA:44,4,0,0
BRF:5
BRH:4
end_of_record
TN:
SF:src/utils/radarUtils.ts
FN:14,polarToCartesian
FN:46,findTrackAtCoordinates
FN:80,formatCoordinates
FNF:3
FNH:3
FNDA:29,polarToCartesian
FNDA:10,findTrackAtCoordinates
FNDA:14,formatCoordinates
DA:4,1
DA:13,1
DA:14,1
DA:15,29
DA:16,29
DA:17,29
DA:18,29
DA:19,29
DA:20,29
DA:22,29
DA:23,29
DA:24,29
DA:25,29
DA:27,29
DA:28,29
DA:29,29
DA:31,29
DA:32,29
DA:34,1
DA:45,1
DA:46,1
DA:47,10
DA:48,10
DA:49,10
DA:50,10
DA:51,10
DA:52,10
DA:53,10
DA:54,10
DA:56,10
DA:57,10
DA:58,10
DA:59,10
DA:60,10
DA:61,10
DA:62,10
DA:63,10
DA:66,10
DA:67,10
DA:68,10
DA:70,10
DA:71,10
DA:72,10
DA:74,1
DA:79,1
DA:80,1
DA:81,14
DA:82,14
DA:83,14
DA:84,14
LF:50
LH:50
BRDA:14,0,0,29
BRDA:46,1,0,10
BRDA:71,2,0,2
BRDA:56,3,0,10
BRDA:80,4,0,14
BRDA:81,5,0,11
BRDA:81,6,0,3
BRDA:82,7,0,10
BRDA:82,8,0,4
BRF:9
BRH:9
end_of_record
TN:
SF:src/utils/shipValidation.ts
FN:9,validateShipParams
FNF:1
FNH:1
FNDA:37,validateShipParams
DA:4,1
DA:8,1
DA:9,1
DA:13,37
DA:15,37
DA:16,37
DA:17,5
DA:18,5
DA:20,37
DA:21,5
DA:22,5
DA:24,37
DA:25,37
DA:26,37
DA:27,10
DA:28,3
DA:29,3
DA:30,10
DA:31,3
DA:32,3
DA:33,10
DA:35,37
DA:36,7
DA:37,3
DA:38,3
DA:39,7
DA:40,4
DA:41,4
DA:42,7
DA:44,37
DA:45,4
DA:46,3
DA:47,3
DA:48,4
DA:50,37
DA:52,15
DA:54,37
DA:55,1
DA:56,37
DA:58,37
DA:59,37
DA:60,37
DA:61,37
DA:62,37
LF:44
LH:44
BRDA:9,0,0,37
BRDA:16,1,0,5
BRDA:20,2,0,36
BRDA:20,3,0,5
BRDA:26,4,0,10
BRDA:27,5,0,8
BRDA:27,6,0,3
BRDA:30,7,0,9
BRDA:30,8,0,8
BRDA:30,9,0,3
BRDA:35,10,0,7
BRDA:36,11,0,5
BRDA:36,12,0,3
BRDA:39,13,0,4
BRDA:39,14,0,4
BRDA:44,15,0,4
BRDA:45,16,0,2
BRDA:45,17,0,3
BRDA:50,18,0,15
BRDA:54,19,0,1
BRF:20
BRH:20
end_of_record
TN:
SF:src/utils/__tests__/radarDataParser.test.ts
FNF:0
FNH:0
DA:1,1
DA:2,1
DA:4,1
DA:5,1
DA:6,1
DA:8,1
DA:9,1
DA:11,1
DA:12,1
DA:13,1
DA:14,1
DA:15,1
DA:16,1
DA:17,1
DA:18,1
DA:20,1
DA:21,1
DA:22,1
DA:24,1
DA:25,1
DA:26,1
DA:28,1
DA:29,1
DA:30,1
DA:32,1
DA:33,1
DA:34,1
DA:36,1
DA:37,1
DA:39,1
DA:40,1
DA:41,1
DA:42,1
DA:44,1
DA:45,1
DA:47,1
DA:48,1
DA:50,1
DA:51,1
DA:52,1
DA:53,1
DA:54,1
DA:55,1
DA:56,1
DA:57,1
DA:58,1
DA:59,1
DA:61,1
DA:62,1
DA:64,1
DA:65,1
DA:66,1
DA:68,1
DA:69,1
DA:70,1
DA:72,1
DA:73,1
DA:74,1
DA:76,1
DA:77,1
DA:78,1
DA:80,1
DA:81,1
DA:82,1
DA:84,1
DA:85,1
DA:87,1
DA:88,1
DA:89,1
DA:91,1
DA:92,1
DA:93,1
DA:95,1
DA:96,1
DA:97,1
DA:98,1
DA:99,1
DA:101,1
DA:102,1
DA:103,1
DA:105,1
DA:106,1
DA:107,1
DA:108,1
DA:110,1
DA:111,1
DA:113,1
DA:114,1
DA:115,1
DA:116,1
DA:117,1
DA:119,1
DA:120,1
DA:121,1
DA:123,1
DA:124,1
DA:125,1
DA:126,1
DA:128,1
DA:129,1
DA:131,1
DA:132,1
DA:133,1
DA:134,1
DA:136,1
DA:137,1
DA:138,1
DA:140,1
DA:141,1
DA:142,1
DA:144,1
DA:145,1
DA:146,1
DA:148,1
DA:149,1
DA:150,1
DA:152,1
DA:153,1
DA:154,1
DA:156,1
DA:157,1
DA:158,1
DA:160,1
DA:161,1
DA:162,1
DA:164,1
DA:165,1
DA:166,1
DA:167,1
DA:169,1
DA:170,1
DA:171,1
DA:173,1
DA:174,1
DA:175,1
DA:176,1
DA:177,1
DA:179,1
DA:180,1
DA:181,1
DA:183,1
DA:184,1
DA:185,1
DA:186,1
DA:188,1
DA:189,1
DA:190,1
DA:192,1
DA:193,1
DA:194,1
DA:195,1
DA:196,1
DA:198,1
DA:199,1
DA:200,1
DA:202,1
DA:203,1
DA:205,1
DA:206,1
DA:207,1
DA:209,1
DA:210,1
DA:211,1
DA:213,1
DA:214,1
DA:215,1
DA:216,1
DA:217,1
DA:218,1
DA:219,1
LF:170
LH:170
BRDA:4,0,0,1
BRDA:5,1,0,1
BRDA:8,2,0,1
BRDA:20,3,0,1
BRDA:28,4,0,1
BRDA:36,5,0,1
BRDA:44,6,0,1
BRDA:61,7,0,1
BRDA:68,8,0,1
BRDA:76,9,0,1
BRDA:84,10,0,1
BRDA:91,11,0,1
BRDA:101,12,0,1
BRDA:110,13,0,1
BRDA:119,14,0,1
BRDA:128,15,0,1
BRDA:136,16,0,1
BRDA:144,17,0,1
BRDA:152,18,0,1
BRDA:160,19,0,1
BRDA:169,20,0,1
BRDA:179,21,0,1
BRDA:188,22,0,1
BRDA:198,23,0,1
BRDA:209,24,0,1
BRF:25
BRH:25
end_of_record
TN:
SF:src/utils/__tests__/radarUtils.test.ts
FN:111,createTrack
FNF:1
FNH:1
FNDA:12,createTrack
DA:1,1
DA:2,1
DA:5,1
DA:6,1
DA:7,1
DA:8,1
DA:9,1
DA:10,1
DA:12,1
DA:13,1
DA:15,1
DA:16,1
DA:17,1
DA:18,1
DA:20,1
DA:21,1
DA:23,1
DA:24,1
DA:25,1
DA:26,1
DA:28,1
DA:29,1
DA:31,1
DA:32,1
DA:33,1
DA:34,1
DA:36,1
DA:37,1
DA:39,1
DA:40,1
DA:41,1
DA:42,1
DA:44,1
DA:45,1
DA:47,1
DA:48,1
DA:49,1
DA:50,1
DA:52,1
DA:53,1
DA:55,1
DA:56,1
DA:57,1
DA:58,1
DA:60,1
DA:61,1
DA:63,1
DA:64,1
DA:65,1
DA:67,1
DA:68,1
DA:69,1
DA:71,1
DA:72,1
DA:73,1
DA:75,1
DA:76,1
DA:78,1
DA:79,1
DA:80,1
DA:81,1
DA:83,1
DA:84,1
DA:86,1
DA:87,1
DA:88,1
DA:89,1
DA:91,1
DA:92,1
DA:94,1
DA:95,1
DA:96,1
DA:97,1
DA:98,1
DA:100,1
DA:101,1
DA:102,1
DA:103,1
DA:104,1
DA:105,1
DA:106,1
DA:107,1
DA:108,1
DA:109,1
DA:111,1
DA:112,12
DA:113,12
DA:114,12
DA:115,12
DA:116,12
DA:117,12
DA:119,1
DA:120,1
DA:121,1
DA:123,1
DA:124,1
DA:126,1
DA:127,1
DA:128,1
DA:129,1
DA:130,1
DA:131,1
DA:132,1
DA:133,1
DA:134,1
DA:137,1
DA:138,1
DA:140,1
DA:141,1
DA:142,1
DA:144,1
DA:146,1
DA:147,1
DA:148,1
DA:149,1
DA:150,1
DA:151,1
DA:152,1
DA:153,1
DA:154,1
DA:155,1
DA:158,1
DA:159,1
DA:161,1
DA:162,1
DA:163,1
DA:165,1
DA:167,1
DA:168,1
DA:169,1
DA:170,1
DA:171,1
DA:172,1
DA:173,1
DA:174,1
DA:175,1
DA:176,1
DA:179,1
DA:180,1
DA:182,1
DA:183,1
DA:184,1
DA:185,1
DA:187,1
DA:189,1
DA:190,1
DA:191,1
DA:192,1
DA:193,1
DA:194,1
DA:195,1
DA:196,1
DA:197,1
DA:200,1
DA:201,1
DA:202,1
DA:204,1
DA:205,1
DA:206,1
DA:207,1
DA:208,1
DA:209,1
DA:210,1
DA:211,1
DA:212,1
DA:213,1
DA:216,1
DA:217,1
DA:219,1
DA:220,1
DA:221,1
DA:223,1
DA:225,1
DA:226,1
DA:227,1
DA:228,1
DA:229,1
DA:230,1
DA:231,1
DA:232,1
DA:233,1
DA:234,1
DA:237,1
DA:238,1
DA:240,1
DA:241,1
DA:242,1
DA:243,1
DA:244,1
DA:246,1
DA:248,1
DA:249,1
DA:250,1
DA:251,1
DA:252,1
DA:253,1
DA:254,1
DA:255,1
DA:256,1
DA:259,1
DA:260,1
DA:262,1
DA:263,1
DA:264,1
DA:266,1
DA:267,1
DA:268,1
DA:269,1
DA:270,1
DA:271,1
DA:272,1
DA:273,1
DA:274,1
DA:277,1
DA:278,1
DA:280,1
DA:281,1
DA:282,1
DA:284,1
DA:286,1
DA:287,1
DA:288,1
DA:289,1
DA:290,1
DA:291,1
DA:292,1
DA:293,1
DA:294,1
DA:297,1
DA:298,1
DA:300,1
DA:301,1
DA:302,1
DA:304,1
DA:306,1
DA:307,1
DA:308,1
DA:309,1
DA:310,1
DA:311,1
DA:312,1
DA:313,1
DA:314,1
DA:315,1
DA:318,1
DA:319,1
DA:320,1
DA:322,1
DA:323,1
DA:324,1
DA:325,1
DA:326,1
DA:328,1
DA:329,1
DA:330,1
DA:331,1
DA:333,1
DA:334,1
DA:335,1
DA:336,1
DA:338,1
DA:339,1
DA:340,1
DA:341,1
DA:343,1
DA:344,1
DA:345,1
DA:346,1
DA:348,1
DA:349,1
DA:350,1
DA:351,1
DA:353,1
DA:354,1
DA:355,1
DA:356,1
DA:358,1
DA:359,1
DA:360,1
DA:361,1
DA:363,1
DA:364,1
DA:365,1
DA:367,1
DA:368,1
DA:369,1
DA:371,1
DA:372,1
DA:373,1
DA:375,1
DA:376,1
DA:377,1
DA:379,1
DA:380,1
DA:381,1
DA:382,1
DA:384,1
DA:385,1
DA:386,1
DA:387,1
DA:388,1
DA:389,1
LF:302
LH:302
BRDA:5,0,0,1
BRDA:6,1,0,1
BRDA:12,2,0,1
BRDA:20,3,0,1
BRDA:28,4,0,1
BRDA:36,5,0,1
BRDA:44,6,0,1
BRDA:52,7,0,1
BRDA:60,8,0,1
BRDA:71,9,0,1
BRDA:83,10,0,1
BRDA:91,11,0,1
BRDA:100,12,0,1
BRDA:111,13,0,12
BRDA:119,14,0,1
BRDA:140,15,0,1
BRDA:161,16,0,1
BRDA:182,17,0,1
BRDA:204,18,0,1
BRDA:219,19,0,1
BRDA:240,20,0,1
BRDA:262,21,0,1
BRDA:280,22,0,1
BRDA:300,23,0,1
BRDA:322,24,0,1
BRDA:323,25,0,1
BRDA:328,26,0,1
BRDA:333,27,0,1
BRDA:338,28,0,1
BRDA:343,29,0,1
BRDA:348,30,0,1
BRDA:353,31,0,1
BRDA:358,32,0,1
BRDA:363,33,0,1
BRDA:371,34,0,1
BRDA:379,35,0,1
BRDA:384,36,0,1
BRF:37
BRH:37
end_of_record
TN:
SF:src/utils/__tests__/shipValidation.test.ts
FNF:0
FNH:0
DA:1,1
DA:2,1
DA:5,1
DA:6,1
DA:7,1
DA:8,1
DA:9,1
DA:10,1
DA:11,1
DA:12,1
DA:14,1
DA:16,1
DA:17,1
DA:18,1
DA:20,1
DA:21,1
DA:22,1
DA:23,1
DA:24,1
DA:26,1
DA:28,1
DA:29,1
DA:30,1
DA:32,1
DA:33,1
DA:34,1
DA:35,1
DA:36,1
DA:38,1
DA:40,1
DA:41,1
DA:42,1
DA:44,1
DA:45,1
DA:46,1
DA:47,1
DA:48,1
DA:50,1
DA:52,1
DA:53,1
DA:54,1
DA:56,1
DA:57,1
DA:58,1
DA:59,1
DA:60,1
DA:62,1
DA:64,1
DA:65,1
DA:66,1
DA:68,1
DA:69,1
DA:70,1
DA:71,1
DA:72,1
DA:74,1
DA:76,1
DA:77,1
DA:78,1
DA:80,1
DA:81,1
DA:82,1
DA:83,1
DA:84,1
DA:86,1
DA:88,1
DA:89,1
DA:90,1
DA:92,1
DA:93,1
DA:94,1
DA:95,1
DA:96,1
DA:98,1
DA:100,1
DA:101,1
DA:102,1
DA:103,1
DA:104,1
DA:105,1
DA:107,1
DA:108,1
DA:109,1
DA:110,1
DA:111,1
DA:112,1
DA:113,1
DA:114,1
DA:116,1
DA:118,1
DA:119,1
DA:120,1
DA:122,1
DA:123,1
DA:124,1
DA:125,1
DA:126,1
DA:127,1
DA:129,1
DA:131,1
DA:132,1
DA:133,1
DA:135,1
DA:136,1
DA:137,1
DA:138,1
DA:139,1
DA:140,1
DA:141,1
DA:143,1
DA:145,1
DA:146,1
DA:147,1
DA:149,1
DA:150,1
DA:151,1
DA:152,1
DA:153,1
DA:154,1
DA:155,1
DA:157,1
DA:159,1
DA:160,1
DA:161,1
DA:163,1
DA:164,1
DA:165,1
DA:166,1
DA:167,1
DA:168,1
DA:170,1
DA:172,1
DA:173,1
DA:174,1
DA:176,1
DA:177,1
DA:178,1
DA:179,1
DA:180,1
DA:181,1
DA:182,1
DA:184,1
DA:186,1
DA:187,1
DA:188,1
DA:190,1
DA:191,1
DA:192,1
DA:193,1
DA:194,1
DA:195,1
DA:196,1
DA:198,1
DA:200,1
DA:201,1
DA:202,1
DA:204,1
DA:205,1
DA:206,1
DA:207,1
DA:208,1
DA:209,1
DA:210,1
DA:212,1
DA:214,1
DA:215,1
DA:216,1
DA:218,1
DA:219,1
DA:220,1
DA:221,1
DA:222,1
DA:223,1
DA:224,1
DA:226,1
DA:228,1
DA:229,1
DA:230,1
DA:231,1
DA:233,1
DA:234,1
DA:235,1
DA:236,1
DA:237,1
DA:238,1
DA:239,1
DA:240,1
DA:242,1
DA:244,1
DA:245,1
DA:246,1
DA:248,1
DA:249,1
DA:250,1
DA:251,1
DA:252,1
DA:253,1
DA:255,1
DA:257,1
DA:258,1
DA:259,1
DA:261,1
DA:262,1
DA:263,1
DA:264,1
DA:265,1
DA:266,1
DA:267,1
DA:269,1
DA:271,1
DA:272,1
DA:273,1
DA:275,1
DA:276,1
DA:277,1
DA:278,1
DA:279,1
DA:280,1
DA:282,1
DA:284,1
DA:285,1
DA:286,1
DA:288,1
DA:289,1
DA:290,1
DA:291,1
DA:292,1
DA:293,1
DA:294,1
DA:296,1
DA:298,1
DA:299,1
DA:300,1
DA:302,1
DA:303,1
DA:304,1
DA:305,1
DA:306,1
DA:307,1
DA:308,1
DA:310,1
DA:312,1
DA:313,1
DA:314,1
DA:316,1
DA:317,1
DA:318,1
DA:319,1
DA:320,1
DA:321,1
DA:322,1
DA:324,1
DA:326,1
DA:327,1
DA:328,1
DA:329,1
DA:330,1
DA:331,1
DA:332,1
DA:333,1
DA:335,1
DA:336,1
DA:337,1
DA:338,1
DA:339,1
DA:340,1
DA:341,1
DA:343,1
DA:345,1
DA:346,1
DA:347,1
DA:349,1
DA:350,1
DA:351,1
DA:352,1
DA:353,1
DA:355,1
DA:357,1
DA:358,1
DA:359,1
DA:361,1
DA:362,1
DA:363,1
DA:364,1
DA:365,1
DA:366,1
DA:368,1
DA:370,1
DA:371,1
DA:372,1
DA:374,1
DA:375,1
DA:376,1
DA:377,1
DA:378,1
DA:379,1
DA:381,1
DA:383,1
DA:384,1
DA:385,1
DA:386,1
DA:388,1
DA:389,1
DA:390,1
DA:391,1
DA:392,1
DA:393,1
DA:395,1
DA:397,1
DA:398,1
DA:399,1
DA:401,1
DA:402,1
DA:403,1
DA:404,1
DA:405,1
DA:407,1
DA:409,1
DA:410,1
DA:411,1
DA:413,1
DA:414,1
DA:415,1
DA:416,1
DA:417,1
DA:419,1
DA:421,1
DA:422,1
DA:423,1
DA:424,1
DA:425,1
DA:427,1
DA:428,1
DA:429,1
DA:430,1
DA:431,1
DA:432,1
DA:434,1
DA:436,1
DA:437,1
DA:438,1
DA:439,1
DA:441,1
DA:442,1
DA:443,1
DA:444,1
DA:445,1
DA:446,1
DA:448,1
DA:450,1
DA:451,1
DA:453,1
DA:454,1
DA:455,1
DA:456,1
DA:457,1
DA:459,1
DA:461,1
DA:462,1
DA:464,1
DA:465,1
DA:466,1
DA:467,1
DA:468,1
DA:470,1
DA:472,1
DA:473,1
DA:475,1
DA:476,1
DA:477,1
DA:478,1
DA:479,1
DA:481,1
DA:483,1
DA:484,1
DA:486,1
DA:487,1
DA:488,1
DA:489,1
DA:490,1
DA:491,1
DA:492,1
DA:494,1
DA:496,1
DA:497,1
DA:498,1
DA:499,1
DA:500,1
LF:388
LH:388
BRDA:5,0,0,1
BRDA:6,1,0,1
BRDA:7,2,0,1
BRDA:8,3,0,1
BRDA:20,4,0,1
BRDA:32,5,0,1
BRDA:44,6,0,1
BRDA:56,7,0,1
BRDA:68,8,0,1
BRDA:80,9,0,1
BRDA:92,10,0,1
BRDA:107,11,0,1
BRDA:108,12,0,1
BRDA:122,13,0,1
BRDA:135,14,0,1
BRDA:149,15,0,1
BRDA:163,16,0,1
BRDA:176,17,0,1
BRDA:190,18,0,1
BRDA:204,19,0,1
BRDA:218,20,0,1
BRDA:233,21,0,1
BRDA:234,22,0,1
BRDA:248,23,0,1
BRDA:261,24,0,1
BRDA:275,25,0,1
BRDA:288,26,0,1
BRDA:302,27,0,1
BRDA:316,28,0,1
BRDA:335,29,0,1
BRDA:336,30,0,1
BRDA:349,31,0,1
BRDA:361,32,0,1
BRDA:374,33,0,1
BRDA:388,34,0,1
BRDA:389,35,0,1
BRDA:401,36,0,1
BRDA:413,37,0,1
BRDA:427,38,0,1
BRDA:428,39,0,1
BRDA:441,40,0,1
BRDA:442,41,0,1
BRDA:453,42,0,1
BRDA:464,43,0,1
BRDA:475,44,0,1
BRDA:486,45,0,1
BRF:46
BRH:46
end_of_record
